#
# A fatal error has been detected by the Java Runtime Environment:
#
#  Internal Error (jvmciRuntime.cpp:1609), pid=31, tid=45
#  fatal error: Fatal exception in JVMCI: Error calling jdk.vm.ci.services.Services.serializeSavedProperties
#
# JRE version: OpenJDK Runtime Environment GraalVM CE 22.3.0 (17.0.5+8) (build 17.0.5+8-jvmci-22.3-b08)
# Java VM: OpenJDK 64-Bit Server VM GraalVM CE 22.3.0 (17.0.5+8-jvmci-22.3-b08, mixed mode, sharing, tiered, jvmci, jvmci compiler, compressed oops, compressed class ptrs, parallel gc, linux-amd64)
# Problematic frame:
# V  [libjvm.so+0x972714]  JVMCIRuntime::fatal_exception(JVMCIEnv*, char const*)+0x74
#
# Core dump will be written. Default location: Core dumps may be processed with "/usr/share/apport/apport -p%p -s%s -c%c -d%d -P%P -u%u -g%g -- %E" (or dumping to /home/runner/lab2/core.31)
#
# If you would like to submit a bug report, please visit:
#   https://github.com/oracle/graal/issues
#

---------------  S U M M A R Y ------------

Command Line: -XX:ThreadPriorityPolicy=1 -XX:+UnlockExperimentalVMOptions -XX:+EnableJVMCIProduct -XX:JVMCIThreadsPerNativeLibraryRuntime=1 -XX:-UnlockExperimentalVMOptions -Declipse.application=org.eclipse.jdt.ls.core.id1 -Dosgi.bundles.defaultStartLevel=4 -Declipse.product=org.eclipse.jdt.ls.core.product -Dlog.level=ALL -Xverify:none -XX:+UseParallelGC -XX:GCTimeRatio=4 -XX:AdaptiveSizePolicyWeight=90 -Dsun.zip.disableMemoryMapping=true -Xmx512m -Xms100m /nix/store/m6gcpi1ii6rghy04cjwjddcavv7i90df-jdt-language-server-1.9.0/share/java/plugins/org.eclipse.equinox.launcher_1.6.400.v20210924-0641.jar --add-modules=ALL-SYSTEM --add-opens java.base/java.util=ALL-UNNAMED --add-opens java.base/java.lang=ALL-UNNAMED -configuration /home/runner/.cache/jdt-language-server/config -data /home/runner/.cache/jdt-language-server/data/home/runner/lab2

Host: AMD EPYC 7B12, 8 cores, 1G, Ubuntu 20.04.2 LTS
Time: Wed Mar 15 15:06:47 2023 UTC elapsed time: 756.783574 seconds (0d 0h 12m 36s)

---------------  T H R E A D  ---------------

Current thread (0x00007faec80b21e0):  JavaThread "JVMCI-native CompilerThread0" daemon [_thread_in_vm, id=45, stack(0x00007faeac71a000,0x00007faeac91a000)]


Current CompileTask:
JVMCI-native: 756783 8619       4       java.io.DataOutputStream::writeInt (62 bytes)

Stack: [0x00007faeac71a000,0x00007faeac91a000],  sp=0x00007faeac918380,  free space=2040k
Native frames: (J=compiled Java code, j=interpreted, Vv=VM code, C=native code)
V  [libjvm.so+0x972714]  JVMCIRuntime::fatal_exception(JVMCIEnv*, char const*)+0x74
V  [libjvm.so+0x93e2fe]  JVMCIEnv::copy_saved_properties()+0x14e
V  [libjvm.so+0x9732a9]  JVMCIRuntime::initialize(JVMCIEnv*)+0xb19
V  [libjvm.so+0x9738a2]  JVMCIRuntime::get_HotSpotJVMCIRuntime(JVMCIEnv*)+0x12
V  [libjvm.so+0x9749f2]  JVMCIRuntime::compile_method(JVMCIEnv*, JVMCICompiler*, methodHandle const&, int)+0xd2
V  [libjvm.so+0x5b0d20]  CompileBroker::invoke_compiler_on_method(CompileTask*)+0x1470
V  [libjvm.so+0x5b12e8]  CompileBroker::compiler_thread_loop()+0x528
V  [libjvm.so+0xd82460]  JavaThread::thread_main_inner()+0xd0
V  [libjvm.so+0xd85a40]  Thread::call_run()+0xc0
V  [libjvm.so+0xbdb1e1]  thread_native_entry(Thread*)+0xe1

Register to memory mapping:

RAX=0x00007faecc400000 points into unknown readable memory: 0x0000000000000058 | 58 00 00 00 00 00 00 00
RBX=0x00007faecd4fb398: <offset 0x0000000000ef5398> in /nix/store/gpxl5qgg8kicmcvivwmybwjlpf7wh20l-graalvm17-ce-22.3.0/lib/server/libjvm.so at 0x00007faecc606000
RCX=0x00007faecd4b31e8: <offset 0x0000000000ead1e8> in /nix/store/gpxl5qgg8kicmcvivwmybwjlpf7wh20l-graalvm17-ce-22.3.0/lib/server/libjvm.so at 0x00007faecc606000
RDX=0x0000000000000649 is an unknown value
RSP=0x00007faeac918380 is pointing into the stack for thread: 0x00007faec80b21e0
RBP=0x00007faeac9183a0 is pointing into the stack for thread: 0x00007faec80b21e0
RSI=0x00007faecd4fbc48: <offset 0x0000000000ef5c48> in /nix/store/gpxl5qgg8kicmcvivwmybwjlpf7wh20l-graalvm17-ce-22.3.0/lib/server/libjvm.so at 0x00007faecc606000
RDI=0x00000000e0000000 is an oop: [B 
{0x00000000e0000000} - klass: {type array byte}
 - length: 49
R8 =0x00007faecd4fb398: <offset 0x0000000000ef5398> in /nix/store/gpxl5qgg8kicmcvivwmybwjlpf7wh20l-graalvm17-ce-22.3.0/lib/server/libjvm.so at 0x00007faecc606000
R9 =0x0000000000000003 is an unknown value
R10=0x00007faecd84cda0: <offset 0x0000000001246da0> in /nix/store/gpxl5qgg8kicmcvivwmybwjlpf7wh20l-graalvm17-ce-22.3.0/lib/server/libjvm.so at 0x00007faecc606000
R11=0x000000080044f048 is pointing into metadata
R12=0x0 is NULL
R13=0x00007faec80b21e0 is a thread
R14=0x00007faec8000b80 points into unknown readable memory: 0x00007faecd72ca38 | 38 ca 72 cd ae 7f 00 00
R15=0x00007faecd83ae40: <offset 0x0000000001234e40> in /nix/store/gpxl5qgg8kicmcvivwmybwjlpf7wh20l-graalvm17-ce-22.3.0/lib/server/libjvm.so at 0x00007faecc606000


Registers:
RAX=0x00007faecc400000, RBX=0x00007faecd4fb398, RCX=0x00007faecd4b31e8, RDX=0x0000000000000649
RSP=0x00007faeac918380, RBP=0x00007faeac9183a0, RSI=0x00007faecd4fbc48, RDI=0x00000000e0000000
R8 =0x00007faecd4fb398, R9 =0x0000000000000003, R10=0x00007faecd84cda0, R11=0x000000080044f048
R12=0x0000000000000000, R13=0x00007faec80b21e0, R14=0x00007faec8000b80, R15=0x00007faecd83ae40
RIP=0x00007faeccf78714, EFLAGS=0x0000000000010206, CSGSFS=0x002b000000000033, ERR=0x0000000000000006
  TRAPNO=0x000000000000000e

Top of Stack: (sp=0x00007faeac918380)
0x00007faeac918380:   00007faeac918940 00007faec80b21e0
0x00007faeac918390:   00007faeae2158c8 0000000800c417a0
0x00007faeac9183a0:   00007faeac918500 00007faeccf442fe
0x00007faeac9183b0:   00007faeac9183e0 00007faeac918440 

Instructions: (pc=0x00007faeccf78714)
0x00007faeccf78614:   30 e8 f6 cf e8 ff 4c 89 e7 e8 2e 48 d1 ff 84 db
0x00007faeccf78624:   75 2a 4d 85 ed 74 04 4d 8b 6d 00 48 83 c4 08 44
0x00007faeccf78634:   89 f9 4c 89 f2 4c 89 ee 5b 4c 89 e7 41 5c 41 5d
0x00007faeccf78644:   41 5e 41 5f 5d e9 e2 47 d1 ff 66 90 48 83 c4 08
0x00007faeccf78654:   5b 41 5c 41 5d 41 5e 41 5f 5d c3 90 31 d2 be 08
0x00007faeccf78664:   00 00 00 4c 89 ff e8 b1 78 a3 ff 49 89 c5 e9 37
0x00007faeccf78674:   ff ff ff 66 0f 1f 84 00 00 00 00 00 48 8b 7a 08
0x00007faeccf78684:   e9 6d ff ff ff 0f 1f 80 00 00 00 00 e8 5b 48 0a
0x00007faeccf78694:   00 84 c0 75 89 e9 6a ff ff ff 66 90 55 48 89 e5
0x00007faeccf786a4:   41 56 41 55 41 54 49 89 fc 53 48 89 f3 66 48 8d
0x00007faeccf786b4:   3d 27 5e 85 00 66 66 48 e8 df 43 8d ff 4c 8b 28
0x00007faeccf786c4:   8b 05 be 72 8a 00 85 c0 75 14 ba 01 00 00 00 48
0x00007faeccf786d4:   8d 0d ae 72 8a 00 f0 0f b1 11 85 c0 74 4e be c8
0x00007faeccf786e4:   00 00 00 4c 89 ef e8 01 0b 41 00 48 8d 05 12 ac
0x00007faeccf786f4:   85 00 49 89 d8 48 8d 0d e8 aa 53 00 ba 49 06 00
0x00007faeccf78704:   00 48 8d 35 3c 35 58 00 bf 00 00 00 e0 48 8b 00
0x00007faeccf78714:   c6 00 58 31 c0 e8 e2 91 c6 ff 5b 41 5c 41 5d 41
0x00007faeccf78724:   5e 5d e9 55 34 26 00 0f 1f 44 00 00 48 8d 05 81
0x00007faeccf78734:   a3 8b 00 48 89 df 4c 8b 30 e8 9e 43 8d ff 48 89
0x00007faeccf78744:   de 48 89 c2 49 8b 06 4c 89 f7 ff 50 08 4c 89 f7
0x00007faeccf78754:   e8 a7 5c 27 00 4d 85 e4 74 12 be 01 00 00 00 4c
0x00007faeccf78764:   89 e7 e8 35 43 fc ff eb 82 0f 1f 00 be 01 00 00
0x00007faeccf78774:   00 4c 89 ef e8 d3 fd ff ff e9 6d ff ff ff 66 66
0x00007faeccf78784:   2e 0f 1f 84 00 00 00 00 00 0f 1f 00 55 48 89 e5
0x00007faeccf78794:   41 57 41 56 41 55 41 54 53 48 81 ec 08 02 00 00
0x00007faeccf787a4:   64 48 8b 04 25 28 00 00 00 48 89 45 c8 8b 07 83
0x00007faeccf787b4:   f8 02 0f 84 11 04 00 00 4c 8b 6f 18 49 89 ff 49
0x00007faeccf787c4:   89 f4 4d 85 ed 74 14 4c 89 ef e8 5d 57 22 00 41
0x00007faeccf787d4:   8b 07 83 f8 02 0f 84 19 04 00 00 48 8d 1d 9a 06
0x00007faeccf787e4:   8a 00 4c 8d 35 0b 3c 58 00 eb 38 90 48 85 d2 7f
0x00007faeccf787f4:   0d 48 8d 05 b4 c0 85 00 48 83 38 00 7e 0e 41 8b
0x00007faeccf78804:   77 2c 4c 89 f7 31 c0 e8 a0 b2 f7 ff 49 8b 7f 18 


Stack slot to memory mapping:
stack at sp + 0 slots: 0x00007faeac918940 is pointing into the stack for thread: 0x00007faec80b21e0
stack at sp + 1 slots: 0x00007faec80b21e0 is a thread
stack at sp + 2 slots: 0x00007faeae2158c8 points into unknown readable memory: 0x6573001880c9ffff | ff ff c9 80 18 00 73 65
stack at sp + 3 slots: 0x0000000800c417a0 is a pointer to class: 
jdk.vm.ci.services.Services {0x0000000800c417a0}
 - instance size:     2
 - klass size:        65
 - access:            public final synchronized 
 - state:             fully_initialized
 - name:              'jdk/vm/ci/services/Services'
 - super:             'java/lang/Object'
 - sub:               
 - arrays:            NULL
 - methods:           Array<T>(0x00007faead042da8)
 - method ordering:   Array<T>(0x0000000800928960)
 - default_methods:   Array<T>(0x0000000000000000)
 - local interfaces:  Array<T>(0x00000008005ce810)
 - trans. interfaces: Array<T>(0x00000008005ce810)
 - constants:         constant pool [427] {0x00007faead041e88} for 'jdk/vm/ci/services/Services' cache=0x00007faead044078
 - class loader data:  loader data: 0x00007faec80283d0 of 'bootstrap'
 - source file:       'Services.java'
 - class annotations:       Array<T>(0x0000000000000000)
 - class type annotations:  Array<T>(0x0000000000000000)
 - field annotations:       Array<T>(0x0000000000000000)
 - field type annotations:  Array<T>(0x0000000000000000)
 - inner classes:     Array<T>(0x00007faead044048)
 - nest members:     Array<T>(0x00007faead044068)
 - permitted subclasses:     Array<T>(0x00000008005ce7a0)
 - java mirror:       a 'java/lang/Class'{0x00000000e017a0e8} = 'jdk/vm/ci/services/Services'
 - vtable length      5  (start addr: 0x0000000800c41970)
 - itable length      2 (start addr: 0x0000000800c41998)
 - ---- static fields (3 words):
 - public static final 'IS_BUILDING_NATIVE_IMAGE' 'Z' @128 
 - public static final 'IS_IN_NATIVE_IMAGE' 'Z' @129 
 - private static volatile 'savedProperties' 'Ljava/util/Map;' @112 
 - static final 'JVMCI_ENABLED' 'Z' @130 
 - private static final 'servicesCache' 'Ljava/util/Map;' @116 
 - private static final 'MAX_UNICODE_IN_UTF8_LENGTH' 'I' @120 
 - private static final 'MAX_UTF8_PROPERTY_STRING_LENGTH' 'I' @124 
 - ---- non-static fields (0 words):
 - non-static oop maps: 
stack at sp + 4 slots: 0x00007faeac918500 is pointing into the stack for thread: 0x00007faec80b21e0
stack at sp + 5 slots: 0x00007faeccf442fe: <offset 0x000000000093e2fe> in /nix/store/gpxl5qgg8kicmcvivwmybwjlpf7wh20l-graalvm17-ce-22.3.0/lib/server/libjvm.so at 0x00007faecc606000
stack at sp + 6 slots: 0x00007faeac9183e0 is pointing into the stack for thread: 0x00007faec80b21e0
stack at sp + 7 slots: 0x00007faeac918440 is pointing into the stack for thread: 0x00007faec80b21e0


---------------  P R O C E S S  ---------------

Threads class SMR info:
_java_thread_list=0x00007fae14000b70, length=25, elements={
0x00007faec8026670, 0x00007faec80a64b0, 0x00007faec80a78f0, 0x00007faec80ae050,
0x00007faec80af400, 0x00007faec80b07f0, 0x00007faec80b21e0, 0x00007faec80b36f0,
0x00007faec80b4750, 0x00007faec80d7340, 0x00007faec8120260, 0x00007faec831ad50,
0x00007faec81d3990, 0x00007faec81d7520, 0x00007faec85fd640, 0x00007fae5c01a4b0,
0x00007fae5c2aa890, 0x00007fae5c48cbc0, 0x00007fae5c60d730, 0x00007faec84b7540,
0x00007faec83ba760, 0x00007fae2c000ff0, 0x00007fae303de290, 0x00007fae4403e150,
0x00007fae304ce070
}

Java Threads: ( => current thread )
  0x00007faec8026670 JavaThread "main" [_thread_blocked, id=37, stack(0x00007faecc421000,0x00007faecc521000)]
  0x00007faec80a64b0 JavaThread "Reference Handler" daemon [_thread_blocked, id=40, stack(0x00007faead8bc000,0x00007faead9bc000)]
  0x00007faec80a78f0 JavaThread "Finalizer" daemon [_thread_blocked, id=41, stack(0x00007faeacf00000,0x00007faead000000)]
  0x00007faec80ae050 JavaThread "Signal Dispatcher" daemon [_thread_blocked, id=42, stack(0x00007faeacb1a000,0x00007faeacc1a000)]
  0x00007faec80af400 JavaThread "Service Thread" daemon [_thread_blocked, id=43, stack(0x00007faeaca1a000,0x00007faeacb1a000)]
  0x00007faec80b07f0 JavaThread "Monitor Deflation Thread" daemon [_thread_blocked, id=44, stack(0x00007faeac91a000,0x00007faeaca1a000)]
=>0x00007faec80b21e0 JavaThread "JVMCI-native CompilerThread0" daemon [_thread_in_vm, id=45, stack(0x00007faeac71a000,0x00007faeac91a000)]
  0x00007faec80b36f0 JavaThread "C1 CompilerThread0" daemon [_thread_blocked, id=46, stack(0x00007faeac51a000,0x00007faeac71a000)]
  0x00007faec80b4750 JavaThread "Sweeper thread" daemon [_thread_blocked, id=47, stack(0x00007faeac41a000,0x00007faeac51a000)]
  0x00007faec80d7340 JavaThread "Common-Cleaner" daemon [_thread_blocked, id=48, stack(0x00007faeac31a000,0x00007faeac41a000)]
  0x00007faec8120260 JavaThread "Notification Thread" daemon [_thread_blocked, id=49, stack(0x00007faeac21a000,0x00007faeac31a000)]
  0x00007faec831ad50 JavaThread "Active Thread: Equinox Container: bee4d6b8-c329-41f1-ad54-2e505d6a8cf1" [_thread_blocked, id=65, stack(0x00007faeac018000,0x00007faeac118000)]
  0x00007faec81d3990 JavaThread "Framework Event Dispatcher: Equinox Container: bee4d6b8-c329-41f1-ad54-2e505d6a8cf1" daemon [_thread_blocked, id=72, stack(0x00007fae74900000,0x00007fae74a00000)]
  0x00007faec81d7520 JavaThread "Start Level: Equinox Container: bee4d6b8-c329-41f1-ad54-2e505d6a8cf1" daemon [_thread_blocked, id=73, stack(0x00007fae74700000,0x00007fae74800000)]
  0x00007faec85fd640 JavaThread "Refresh Thread: Equinox Container: bee4d6b8-c329-41f1-ad54-2e505d6a8cf1" daemon [_thread_blocked, id=74, stack(0x00007fae74500000,0x00007fae74600000)]
  0x00007fae5c01a4b0 JavaThread "SCR Component Actor" daemon [_thread_blocked, id=83, stack(0x00007fae74300000,0x00007fae74400000)]
  0x00007fae5c2aa890 JavaThread "Worker-JM" [_thread_blocked, id=94, stack(0x00007fae73f00000,0x00007fae74000000)]
  0x00007fae5c48cbc0 JavaThread "Java indexing" daemon [_thread_blocked, id=105, stack(0x00007fae73900000,0x00007fae73a00000)]
  0x00007fae5c60d730 JavaThread "Bundle File Closer" daemon [_thread_blocked, id=106, stack(0x00007fae73700000,0x00007fae73800000)]
  0x00007faec84b7540 JavaThread "pool-3-thread-1" [_thread_blocked, id=116, stack(0x00007fae73500000,0x00007fae73600000)]
  0x00007faec83ba760 JavaThread "pool-2-thread-1" [_thread_blocked, id=119, stack(0x00007fae73300000,0x00007fae73400000)]
  0x00007fae2c000ff0 JavaThread "Worker-4: Periodic workspace save." [_thread_blocked, id=127, stack(0x00007fae72f00000,0x00007fae73000000)]
  0x00007fae303de290 JavaThread "Okio Watchdog" daemon [_thread_blocked, id=207, stack(0x00007fae72300000,0x00007fae72400000)]
  0x00007fae4403e150 JavaThread "Worker-6" [_thread_blocked, id=239, stack(0x00007fae73e00000,0x00007fae73f00000)]
  0x00007fae304ce070 JavaThread "Worker-7" [_thread_blocked, id=1003, stack(0x00007fae73100000,0x00007fae73200000)]

Other Threads:
  0x00007faec80a1bf0 VMThread "VM Thread" [stack: 0x00007faead9be000,0x00007faeadabe000] [id=39] _threads_hazard_ptr=0x00007fae14000b70
  0x00007faec8121c00 WatcherThread [stack: 0x00007faeac11a000,0x00007faeac21a000] [id=50]
  0x00007faec803df10 GCTaskThread "GC Thread#0" [stack: 0x00007faeaf3b3000,0x00007faeaf4b3000] [id=38]

Threads with active compile tasks:
JVMCI-native CompilerThread0   756872 8619       4       java.io.DataOutputStream::writeInt (62 bytes)

VM state: synchronizing (normal execution)

VM Mutex/Monitor currently owned by a thread:  ([mutex/lock_event])
[0x00007faec8023820] Threads_lock - owner thread: 0x00007faec80a1bf0
[0x00007faec8023fd0] Heap_lock - owner thread: 0x00007fae5c48cbc0

OutOfMemory and StackOverflow Exception counts:
OutOfMemoryError java_heap_errors=2
LinkageErrors=70

Heap address: 0x00000000e0000000, size: 512 MB, Compressed Oops mode: 32-bit

CDS archive(s) mapped at: [0x0000000800000000-0x0000000800bc8000-0x0000000800bc8000), size 12353536, SharedBaseAddress: 0x0000000800000000, ArchiveRelocationMode: 0.
Compressed class space mapped at: 0x0000000800c00000-0x0000000840c00000, reserved size: 1073741824
Narrow klass base: 0x0000000800000000, Narrow klass shift: 0, Narrow klass range: 0x100000000

GC Precious Log:
 CPUs: 8 total, 1 available
 Memory: 1024M
 Large Page Support: Disabled
 NUMA Support: Disabled
 Compressed Oops: Enabled (32-bit)
 Alignments: Space 512K, Generation 512K, Heap 2M
 Heap Min Capacity: 100M
 Heap Initial Capacity: 100M
 Heap Max Capacity: 512M
 Pre-touch: Disabled
 Parallel Workers: 1

Heap:
 PSYoungGen      total 52224K, used 30720K [0x00000000f5580000, 0x00000000f9f00000, 0x0000000100000000)
  eden space 30720K, 100% used [0x00000000f5580000,0x00000000f7380000,0x00000000f7380000)
  from space 21504K, 0% used [0x00000000f8880000,0x00000000f8880000,0x00000000f9d80000)
  to   space 21504K, 0% used [0x00000000f7380000,0x00000000f7380000,0x00000000f8880000)
 ParOldGen       total 349696K, used 349693K [0x00000000e0000000, 0x00000000f5580000, 0x00000000f5580000)
  object space 349696K, 99% used [0x00000000e0000000,0x00000000f557f6a8,0x00000000f5580000)
 Metaspace       used 59275K, committed 60480K, reserved 1105920K
  class space    used 5865K, committed 6400K, reserved 1048576K

Card table byte_map: [0x00007faecc0e4000,0x00007faecc1e5000] _byte_map_base: 0x00007faecb9e4000

Marking Bits: (ParMarkBitMap*) 0x00007faecd8344c0
 Begin Bits: [0x00007faeae3b1000, 0x00007faeaebb1000)
 End Bits:   [0x00007faeaebb1000, 0x00007faeaf3b1000)

Polling page: 0x00007faecc3fe000

Metaspace:

Usage:
  Non-class:     52.16 MB used.
      Class:      5.73 MB used.
       Both:     57.89 MB used.

Virtual space:
  Non-class space:       56.00 MB reserved,      52.81 MB ( 94%) committed,  7 nodes.
      Class space:        1.00 GB reserved,       6.25 MB ( <1%) committed,  1 nodes.
             Both:        1.05 GB reserved,      59.06 MB (  5%) committed. 

Chunk freelists:
   Non-Class:  3.34 MB
       Class:  1.77 MB
        Both:  5.12 MB

MaxMetaspaceSize: unlimited
CompressedClassSpaceSize: 1.00 GB
Initial GC threshold: 21.00 MB
Current GC threshold: 98.44 MB
CDS: on
MetaspaceReclaimPolicy: balanced
 - commit_granule_bytes: 65536.
 - commit_granule_words: 8192.
 - virtual_space_node_default_size: 1048576.
 - enlarge_chunks_in_place: 1.
 - new_chunks_are_fully_committed: 0.
 - uncommit_free_chunks: 1.
 - use_allocation_guard: 0.
 - handle_deallocations: 1.


Internal statistics:

num_allocs_failed_limit: 6.
num_arena_births: 494.
num_arena_deaths: 146.
num_vsnodes_births: 8.
num_vsnodes_deaths: 0.
num_space_committed: 944.
num_space_uncommitted: 0.
num_chunks_returned_to_freelist: 207.
num_chunks_taken_from_freelist: 2818.
num_chunk_merges: 84.
num_chunk_splits: 1857.
num_chunks_enlarged: 1142.
num_purges: 16.
num_inconsistent_stats: 0.

CodeHeap 'non-profiled nmethods': size=120036Kb used=2661Kb max_used=2661Kb free=117374Kb
 bounds [0x00007faeb6f7a000, 0x00007faeb721a000, 0x00007faebe4b3000]
CodeHeap 'profiled nmethods': size=120032Kb used=15153Kb max_used=15153Kb free=104878Kb
 bounds [0x00007faeafa42000, 0x00007faeb0912000, 0x00007faeb6f7a000]
CodeHeap 'non-nmethods': size=5692Kb used=1382Kb max_used=1409Kb free=4309Kb
 bounds [0x00007faeaf4b3000, 0x00007faeaf723000, 0x00007faeafa42000]
 total_blobs=7965 nmethods=7247 adapters=628
 compilation: enabled
              stopped_count=0, restarted_count=0
 full_count=0

JVMCI Events (20 events):
Event: 536.074 Thread 0x00007faec80b21e0 releasing handles for JVMCI runtime 0: oop handles=43, metadata handles={total=88, live=77, blocks=35}
Event: 536.074 Thread 0x00007faec80b21e0 detached from JVMCI runtime 0
Event: 627.082 Thread 0x00007faec80b21e0 attached to JVMCI runtime 0
Event: 627.084 Thread 0x00007faec80b21e0 created JavaVM[3]@0x00007fae19f9e340 for JVMCI runtime 0
Event: 627.084 Thread 0x00007faec80b21e0 initializing JVMCI runtime 0
Event: 627.084 Thread 0x00007faec80b21e0 done waiting for JavaVM references initialization in JVMCI runtime 0
Event: 665.077 Thread 0x00007faec80b21e0 initialized JVMCI runtime 0
Event: 666.486 Thread 0x00007faec80b21e0 compacted oop handles in JVMCI runtime 0 from 55 to 53
Event: 675.689 Thread 0x00007faec80b21e0 compacted oop handles in JVMCI runtime 0 from 72 to 70
Event: 677.190 Thread 0x00007faec80b21e0 detaching from JVMCI runtime 0: releasing idle compiler thread (0 other threads still attached)
Event: 677.190 Thread 0x00007faec80b21e0 shutting down HotSpotJVMCIRuntime for JVMCI runtime 0
Event: 677.190 Thread 0x00007faec80b21e0 shut down JVMCI runtime 0
Event: 677.195 Thread 0x00007faec80b21e0 destroyed JavaVM[3]@0x00007fae19f9e340 for JVMCI runtime 0
Event: 677.195 Thread 0x00007faec80b21e0 compacted oop handles in JVMCI runtime 0 from 70 to 70
Event: 677.195 Thread 0x00007faec80b21e0 releasing handles for JVMCI runtime 0: oop handles=70, metadata handles={total=122, live=116, blocks=35}
Event: 677.195 Thread 0x00007faec80b21e0 detached from JVMCI runtime 0
Event: 743.159 Thread 0x00007faec80b21e0 attached to JVMCI runtime 0
Event: 743.160 Thread 0x00007faec80b21e0 created JavaVM[4]@0x00007fae19f9e340 for JVMCI runtime 0
Event: 744.612 Thread 0x00007faec80b21e0 initializing JVMCI runtime 0
Event: 744.612 Thread 0x00007faec80b21e0 done waiting for JavaVM references initialization in JVMCI runtime 0

Compilation events (20 events):
Event: 641.843 Thread 0x00007faec80b36f0 8611       3       jdk.internal.misc.Unsafe::putIntOpaque (9 bytes)
Event: 641.843 Thread 0x00007faec80b36f0 nmethod 8611 0x00007faeb090b410 code [0x00007faeb090b5a0, 0x00007faeb090b6b0]
Event: 666.486 Thread 0x00007faec80b21e0 nmethod 8605 0x00007faeb7212790 code [0x00007faeb7212900, 0x00007faeb7212a88]
Event: 666.487 Thread 0x00007faec80b21e0 8612       4       java.util.Collections$UnmodifiableMap$UnmodifiableEntrySet$1::next (5 bytes)
Event: 675.687 Thread 0x00007faec80b21e0 nmethod 8612 0x00007faeb7212c10 code [0x00007faeb7212de0, 0x00007faeb7213110]
Event: 675.687 Thread 0x00007faec80b21e0 8606   !   4       java.nio.DirectIntBufferU::get (34 bytes)
Event: 675.689 Thread 0x00007faec80b21e0 nmethod 8606 0x00007faeb7213490 code [0x00007faeb7213600, 0x00007faeb72136a8]
Event: 703.159 Thread 0x00007faec80b36f0 8613       3       org.eclipse.osgi.internal.framework.EquinoxBundle::getSymbolicName (11 bytes)
Event: 703.159 Thread 0x00007faec80b36f0 nmethod 8613 0x00007faeb090b790 code [0x00007faeb090b940, 0x00007faeb090bb00]
Event: 713.292 Thread 0x00007faec80b36f0 8614       3       org.eclipse.jdt.internal.compiler.util.HashtableOfObjectToInt::get (59 bytes)
Event: 713.293 Thread 0x00007faec80b36f0 nmethod 8614 0x00007faeb090bc10 code [0x00007faeb090be00, 0x00007faeb090c570]
Event: 722.153 Thread 0x00007faec80b36f0 8617       3       org.eclipse.jdt.internal.core.JavaModelManager$VariablesAndContainersSaveHelper::saveInt (9 bytes)
Event: 722.153 Thread 0x00007faec80b36f0 nmethod 8617 0x00007faeb090c790 code [0x00007faeb090c940, 0x00007faeb090ca80]
Event: 722.154 Thread 0x00007faec80b36f0 8615       3       org.eclipse.jdt.internal.core.JavaModelManager$VariablesAndContainersSaveHelper::saveNewId (40 bytes)
Event: 728.133 Thread 0x00007faec80b36f0 nmethod 8615 0x00007faeb090cb90 code [0x00007faeb090cd80, 0x00007faeb090d0d0]
Event: 728.133 Thread 0x00007faec80b36f0 8616       3       org.eclipse.jdt.internal.core.JavaModelManager$VariablesAndContainersSaveHelper::saveString (21 bytes)
Event: 728.133 Thread 0x00007faec80b36f0 nmethod 8616 0x00007faeb090d290 code [0x00007faeb090d460, 0x00007faeb090d690]
Event: 731.138 Thread 0x00007faec80b36f0 8618       3       org.eclipse.jdt.internal.core.JavaModelManager$VariablesAndContainersSaveHelper::savePath (34 bytes)
Event: 732.653 Thread 0x00007faec80b36f0 nmethod 8618 0x00007faeb090d790 code [0x00007faeb090d9c0, 0x00007faeb090e400]
Event: 743.159 Thread 0x00007faec80b21e0 8619       4       java.io.DataOutputStream::writeInt (62 bytes)

GC Heap History (20 events):
Event: 741.743 GC heap before
{Heap before GC invocations=507 (full 424):
 PSYoungGen      total 52224K, used 30720K [0x00000000f5580000, 0x00000000f9f00000, 0x0000000100000000)
  eden space 30720K, 100% used [0x00000000f5580000,0x00000000f7380000,0x00000000f7380000)
  from space 21504K, 0% used [0x00000000f8880000,0x00000000f8880000,0x00000000f9d80000)
  to   space 21504K, 0% used [0x00000000f7380000,0x00000000f7380000,0x00000000f8880000)
 ParOldGen       total 349696K, used 349693K [0x00000000e0000000, 0x00000000f5580000, 0x00000000f5580000)
  object space 349696K, 99% used [0x00000000e0000000,0x00000000f557f450,0x00000000f5580000)
 Metaspace       used 59275K, committed 60480K, reserved 1105920K
  class space    used 5865K, committed 6400K, reserved 1048576K
}
Event: 743.158 GC heap after
{Heap after GC invocations=507 (full 424):
 PSYoungGen      total 52224K, used 30720K [0x00000000f5580000, 0x00000000f9f00000, 0x0000000100000000)
  eden space 30720K, 100% used [0x00000000f5580000,0x00000000f7380000,0x00000000f7380000)
  from space 21504K, 0% used [0x00000000f7380000,0x00000000f7380000,0x00000000f8880000)
  to   space 21504K, 0% used [0x00000000f8880000,0x00000000f8880000,0x00000000f9d80000)
 ParOldGen       total 349696K, used 349693K [0x00000000e0000000, 0x00000000f5580000, 0x00000000f5580000)
  object space 349696K, 99% used [0x00000000e0000000,0x00000000f557f450,0x00000000f5580000)
 Metaspace       used 59275K, committed 60480K, reserved 1105920K
  class space    used 5865K, committed 6400K, reserved 1048576K
}
Event: 743.161 GC heap before
{Heap before GC invocations=508 (full 425):
 PSYoungGen      total 52224K, used 30720K [0x00000000f5580000, 0x00000000f9f00000, 0x0000000100000000)
  eden space 30720K, 100% used [0x00000000f5580000,0x00000000f7380000,0x00000000f7380000)
  from space 21504K, 0% used [0x00000000f7380000,0x00000000f7380000,0x00000000f8880000)
  to   space 21504K, 0% used [0x00000000f8880000,0x00000000f8880000,0x00000000f9d80000)
 ParOldGen       total 349696K, used 349695K [0x00000000e0000000, 0x00000000f5580000, 0x00000000f5580000)
  object space 349696K, 99% used [0x00000000e0000000,0x00000000f557fc30,0x00000000f5580000)
 Metaspace       used 59275K, committed 60480K, reserved 1105920K
  class space    used 5865K, committed 6400K, reserved 1048576K
}
Event: 744.612 GC heap after
{Heap after GC invocations=508 (full 425):
 PSYoungGen      total 52224K, used 30720K [0x00000000f5580000, 0x00000000f9f00000, 0x0000000100000000)
  eden space 30720K, 100% used [0x00000000f5580000,0x00000000f7380000,0x00000000f7380000)
  from space 21504K, 0% used [0x00000000f8880000,0x00000000f8880000,0x00000000f9d80000)
  to   space 21504K, 0% used [0x00000000f7380000,0x00000000f7380000,0x00000000f8880000)
 ParOldGen       total 349696K, used 349694K [0x00000000e0000000, 0x00000000f5580000, 0x00000000f5580000)
  object space 349696K, 99% used [0x00000000e0000000,0x00000000f557f868,0x00000000f5580000)
 Metaspace       used 59275K, committed 60480K, reserved 1105920K
  class space    used 5865K, committed 6400K, reserved 1048576K
}
Event: 744.612 GC heap before
{Heap before GC invocations=509 (full 426):
 PSYoungGen      total 52224K, used 30720K [0x00000000f5580000, 0x00000000f9f00000, 0x0000000100000000)
  eden space 30720K, 100% used [0x00000000f5580000,0x00000000f7380000,0x00000000f7380000)
  from space 21504K, 0% used [0x00000000f8880000,0x00000000f8880000,0x00000000f9d80000)
  to   space 21504K, 0% used [0x00000000f7380000,0x00000000f7380000,0x00000000f8880000)
 ParOldGen       total 349696K, used 349695K [0x00000000e0000000, 0x00000000f5580000, 0x00000000f5580000)
  object space 349696K, 99% used [0x00000000e0000000,0x00000000f557fdf8,0x00000000f5580000)
 Metaspace       used 59275K, committed 60480K, reserved 1105920K
  class space    used 5865K, committed 6400K, reserved 1048576K
}
Event: 746.158 GC heap after
{Heap after GC invocations=509 (full 426):
 PSYoungGen      total 52224K, used 30719K [0x00000000f5580000, 0x00000000f9f00000, 0x0000000100000000)
  eden space 30720K, 99% used [0x00000000f5580000,0x00000000f737ffe0,0x00000000f7380000)
  from space 21504K, 0% used [0x00000000f7380000,0x00000000f7380000,0x00000000f8880000)
  to   space 21504K, 0% used [0x00000000f8880000,0x00000000f8880000,0x00000000f9d80000)
 ParOldGen       total 349696K, used 349694K [0x00000000e0000000, 0x00000000f5580000, 0x00000000f5580000)
  object space 349696K, 99% used [0x00000000e0000000,0x00000000f557fa18,0x00000000f5580000)
 Metaspace       used 59275K, committed 60480K, reserved 1105920K
  class space    used 5865K, committed 6400K, reserved 1048576K
}
Event: 746.158 GC heap before
{Heap before GC invocations=510 (full 427):
 PSYoungGen      total 52224K, used 30720K [0x00000000f5580000, 0x00000000f9f00000, 0x0000000100000000)
  eden space 30720K, 100% used [0x00000000f5580000,0x00000000f7380000,0x00000000f7380000)
  from space 21504K, 0% used [0x00000000f7380000,0x00000000f7380000,0x00000000f8880000)
  to   space 21504K, 0% used [0x00000000f8880000,0x00000000f8880000,0x00000000f9d80000)
 ParOldGen       total 349696K, used 349694K [0x00000000e0000000, 0x00000000f5580000, 0x00000000f5580000)
  object space 349696K, 99% used [0x00000000e0000000,0x00000000f557fa18,0x00000000f5580000)
 Metaspace       used 59275K, committed 60480K, reserved 1105920K
  class space    used 5865K, committed 6400K, reserved 1048576K
}
Event: 748.030 GC heap after
{Heap after GC invocations=510 (full 427):
 PSYoungGen      total 52224K, used 30719K [0x00000000f5580000, 0x00000000f9f00000, 0x0000000100000000)
  eden space 30720K, 99% used [0x00000000f5580000,0x00000000f737ffe0,0x00000000f7380000)
  from space 21504K, 0% used [0x00000000f8880000,0x00000000f8880000,0x00000000f9d80000)
  to   space 21504K, 0% used [0x00000000f7380000,0x00000000f7380000,0x00000000f8880000)
 ParOldGen       total 349696K, used 349694K [0x00000000e0000000, 0x00000000f5580000, 0x00000000f5580000)
  object space 349696K, 99% used [0x00000000e0000000,0x00000000f557fa18,0x00000000f5580000)
 Metaspace       used 59275K, committed 60480K, reserved 1105920K
  class space    used 5865K, committed 6400K, reserved 1048576K
}
Event: 748.031 GC heap before
{Heap before GC invocations=511 (full 428):
 PSYoungGen      total 52224K, used 30720K [0x00000000f5580000, 0x00000000f9f00000, 0x0000000100000000)
  eden space 30720K, 100% used [0x00000000f5580000,0x00000000f7380000,0x00000000f7380000)
  from space 21504K, 0% used [0x00000000f8880000,0x00000000f8880000,0x00000000f9d80000)
  to   space 21504K, 0% used [0x00000000f7380000,0x00000000f7380000,0x00000000f8880000)
 ParOldGen       total 349696K, used 349694K [0x00000000e0000000, 0x00000000f5580000, 0x00000000f5580000)
  object space 349696K, 99% used [0x00000000e0000000,0x00000000f557fa18,0x00000000f5580000)
 Metaspace       used 59275K, committed 60480K, reserved 1105920K
  class space    used 5865K, committed 6400K, reserved 1048576K
}
Event: 749.573 GC heap after
{Heap after GC invocations=511 (full 428):
 PSYoungGen      total 52224K, used 30719K [0x00000000f5580000, 0x00000000f9f00000, 0x0000000100000000)
  eden space 30720K, 99% used [0x00000000f5580000,0x00000000f737ffe0,0x00000000f7380000)
  from space 21504K, 0% used [0x00000000f7380000,0x00000000f7380000,0x00000000f8880000)
  to   space 21504K, 0% used [0x00000000f8880000,0x00000000f8880000,0x00000000f9d80000)
 ParOldGen       total 349696K, used 349694K [0x00000000e0000000, 0x00000000f5580000, 0x00000000f5580000)
  object space 349696K, 99% used [0x00000000e0000000,0x00000000f557fa18,0x00000000f5580000)
 Metaspace       used 59275K, committed 60480K, reserved 1105920K
  class space    used 5865K, committed 6400K, reserved 1048576K
}
Event: 749.573 GC heap before
{Heap before GC invocations=512 (full 429):
 PSYoungGen      total 52224K, used 30719K [0x00000000f5580000, 0x00000000f9f00000, 0x0000000100000000)
  eden space 30720K, 99% used [0x00000000f5580000,0x00000000f737fff8,0x00000000f7380000)
  from space 21504K, 0% used [0x00000000f7380000,0x00000000f7380000,0x00000000f8880000)
  to   space 21504K, 0% used [0x00000000f8880000,0x00000000f8880000,0x00000000f9d80000)
 ParOldGen       total 349696K, used 349694K [0x00000000e0000000, 0x00000000f5580000, 0x00000000f5580000)
  object space 349696K, 99% used [0x00000000e0000000,0x00000000f557fa18,0x00000000f5580000)
 Metaspace       used 59275K, committed 60480K, reserved 1105920K
  class space    used 5865K, committed 6400K, reserved 1048576K
}
Event: 751.077 GC heap after
{Heap after GC invocations=512 (full 429):
 PSYoungGen      total 52224K, used 30719K [0x00000000f5580000, 0x00000000f9f00000, 0x0000000100000000)
  eden space 30720K, 99% used [0x00000000f5580000,0x00000000f737fff8,0x00000000f7380000)
  from space 21504K, 0% used [0x00000000f8880000,0x00000000f8880000,0x00000000f9d80000)
  to   space 21504K, 0% used [0x00000000f7380000,0x00000000f7380000,0x00000000f8880000)
 ParOldGen       total 349696K, used 349694K [0x00000000e0000000, 0x00000000f5580000, 0x00000000f5580000)
  object space 349696K, 99% used [0x00000000e0000000,0x00000000f557fa18,0x00000000f5580000)
 Metaspace       used 59275K, committed 60480K, reserved 1105920K
  class space    used 5865K, committed 6400K, reserved 1048576K
}
Event: 751.078 GC heap before
{Heap before GC invocations=513 (full 430):
 PSYoungGen      total 52224K, used 30719K [0x00000000f5580000, 0x00000000f9f00000, 0x0000000100000000)
  eden space 30720K, 99% used [0x00000000f5580000,0x00000000f737fff8,0x00000000f7380000)
  from space 21504K, 0% used [0x00000000f8880000,0x00000000f8880000,0x00000000f9d80000)
  to   space 21504K, 0% used [0x00000000f7380000,0x00000000f7380000,0x00000000f8880000)
 ParOldGen       total 349696K, used 349695K [0x00000000e0000000, 0x00000000f5580000, 0x00000000f5580000)
  object space 349696K, 99% used [0x00000000e0000000,0x00000000f557fec0,0x00000000f5580000)
 Metaspace       used 59275K, committed 60480K, reserved 1105920K
  class space    used 5865K, committed 6400K, reserved 1048576K
}
Event: 752.675 GC heap after
{Heap after GC invocations=513 (full 430):
 PSYoungGen      total 52224K, used 30719K [0x00000000f5580000, 0x00000000f9f00000, 0x0000000100000000)
  eden space 30720K, 99% used [0x00000000f5580000,0x00000000f737ff68,0x00000000f7380000)
  from space 21504K, 0% used [0x00000000f7380000,0x00000000f7380000,0x00000000f8880000)
  to   space 21504K, 0% used [0x00000000f8880000,0x00000000f8880000,0x00000000f9d80000)
 ParOldGen       total 349696K, used 349695K [0x00000000e0000000, 0x00000000f5580000, 0x00000000f5580000)
  object space 349696K, 99% used [0x00000000e0000000,0x00000000f557fdd8,0x00000000f5580000)
 Metaspace       used 59275K, committed 60480K, reserved 1105920K
  class space    used 5865K, committed 6400K, reserved 1048576K
}
Event: 752.676 GC heap before
{Heap before GC invocations=514 (full 431):
 PSYoungGen      total 52224K, used 30719K [0x00000000f5580000, 0x00000000f9f00000, 0x0000000100000000)
  eden space 30720K, 99% used [0x00000000f5580000,0x00000000f737ff68,0x00000000f7380000)
  from space 21504K, 0% used [0x00000000f7380000,0x00000000f7380000,0x00000000f8880000)
  to   space 21504K, 0% used [0x00000000f8880000,0x00000000f8880000,0x00000000f9d80000)
 ParOldGen       total 349696K, used 349695K [0x00000000e0000000, 0x00000000f5580000, 0x00000000f5580000)
  object space 349696K, 99% used [0x00000000e0000000,0x00000000f557fdd8,0x00000000f5580000)
 Metaspace       used 59275K, committed 60480K, reserved 1105920K
  class space    used 5865K, committed 6400K, reserved 1048576K
}
Event: 753.960 GC heap after
{Heap after GC invocations=514 (full 431):
 PSYoungGen      total 52224K, used 30719K [0x00000000f5580000, 0x00000000f9f00000, 0x0000000100000000)
  eden space 30720K, 99% used [0x00000000f5580000,0x00000000f737fe48,0x00000000f7380000)
  from space 21504K, 0% used [0x00000000f8880000,0x00000000f8880000,0x00000000f9d80000)
  to   space 21504K, 0% used [0x00000000f7380000,0x00000000f7380000,0x00000000f8880000)
 ParOldGen       total 349696K, used 349694K [0x00000000e0000000, 0x00000000f5580000, 0x00000000f5580000)
  object space 349696K, 99% used [0x00000000e0000000,0x00000000f557fae0,0x00000000f5580000)
 Metaspace       used 59275K, committed 60480K, reserved 1105920K
  class space    used 5865K, committed 6400K, reserved 1048576K
}
Event: 753.961 GC heap before
{Heap before GC invocations=515 (full 432):
 PSYoungGen      total 52224K, used 30719K [0x00000000f5580000, 0x00000000f9f00000, 0x0000000100000000)
  eden space 30720K, 99% used [0x00000000f5580000,0x00000000f737fe48,0x00000000f7380000)
  from space 21504K, 0% used [0x00000000f8880000,0x00000000f8880000,0x00000000f9d80000)
  to   space 21504K, 0% used [0x00000000f7380000,0x00000000f7380000,0x00000000f8880000)
 ParOldGen       total 349696K, used 349694K [0x00000000e0000000, 0x00000000f5580000, 0x00000000f5580000)
  object space 349696K, 99% used [0x00000000e0000000,0x00000000f557fae0,0x00000000f5580000)
 Metaspace       used 59275K, committed 60480K, reserved 1105920K
  class space    used 5865K, committed 6400K, reserved 1048576K
}
Event: 755.439 GC heap after
{Heap after GC invocations=515 (full 432):
 PSYoungGen      total 52224K, used 30719K [0x00000000f5580000, 0x00000000f9f00000, 0x0000000100000000)
  eden space 30720K, 99% used [0x00000000f5580000,0x00000000f737fe48,0x00000000f7380000)
  from space 21504K, 0% used [0x00000000f7380000,0x00000000f7380000,0x00000000f8880000)
  to   space 21504K, 0% used [0x00000000f8880000,0x00000000f8880000,0x00000000f9d80000)
 ParOldGen       total 349696K, used 349693K [0x00000000e0000000, 0x00000000f5580000, 0x00000000f5580000)
  object space 349696K, 99% used [0x00000000e0000000,0x00000000f557f540,0x00000000f5580000)
 Metaspace       used 59275K, committed 60480K, reserved 1105920K
  class space    used 5865K, committed 6400K, reserved 1048576K
}
Event: 755.440 GC heap before
{Heap before GC invocations=516 (full 433):
 PSYoungGen      total 52224K, used 30719K [0x00000000f5580000, 0x00000000f9f00000, 0x0000000100000000)
  eden space 30720K, 99% used [0x00000000f5580000,0x00000000f737fe48,0x00000000f7380000)
  from space 21504K, 0% used [0x00000000f7380000,0x00000000f7380000,0x00000000f8880000)
  to   space 21504K, 0% used [0x00000000f8880000,0x00000000f8880000,0x00000000f9d80000)
 ParOldGen       total 349696K, used 349693K [0x00000000e0000000, 0x00000000f5580000, 0x00000000f5580000)
  object space 349696K, 99% used [0x00000000e0000000,0x00000000f557f540,0x00000000f5580000)
 Metaspace       used 59275K, committed 60480K, reserved 1105920K
  class space    used 5865K, committed 6400K, reserved 1048576K
}
Event: 756.778 GC heap after
{Heap after GC invocations=516 (full 433):
 PSYoungGen      total 52224K, used 30719K [0x00000000f5580000, 0x00000000f9f00000, 0x0000000100000000)
  eden space 30720K, 99% used [0x00000000f5580000,0x00000000f737fe48,0x00000000f7380000)
  from space 21504K, 0% used [0x00000000f8880000,0x00000000f8880000,0x00000000f9d80000)
  to   space 21504K, 0% used [0x00000000f7380000,0x00000000f7380000,0x00000000f8880000)
 ParOldGen       total 349696K, used 349693K [0x00000000e0000000, 0x00000000f5580000, 0x00000000f5580000)
  object space 349696K, 99% used [0x00000000e0000000,0x00000000f557f540,0x00000000f5580000)
 Metaspace       used 59275K, committed 60480K, reserved 1105920K
  class space    used 5865K, committed 6400K, reserved 1048576K
}

Dll operation events (9 events):
Event: 0.005 Loaded shared library /nix/store/gpxl5qgg8kicmcvivwmybwjlpf7wh20l-graalvm17-ce-22.3.0/lib/libjava.so
Event: 0.022 Loaded shared library /nix/store/gpxl5qgg8kicmcvivwmybwjlpf7wh20l-graalvm17-ce-22.3.0/lib/libjsvml.so
Event: 0.316 Loaded shared library /nix/store/gpxl5qgg8kicmcvivwmybwjlpf7wh20l-graalvm17-ce-22.3.0/lib/libnio.so
Event: 0.320 Loaded shared library /nix/store/gpxl5qgg8kicmcvivwmybwjlpf7wh20l-graalvm17-ce-22.3.0/lib/libzip.so
Event: 0.325 Loaded shared library /nix/store/gpxl5qgg8kicmcvivwmybwjlpf7wh20l-graalvm17-ce-22.3.0/lib/libjvmcicompiler.so
Event: 1.260 Loaded shared library /nix/store/gpxl5qgg8kicmcvivwmybwjlpf7wh20l-graalvm17-ce-22.3.0/lib/libjimage.so
Event: 1.980 Loaded shared library /nix/store/gpxl5qgg8kicmcvivwmybwjlpf7wh20l-graalvm17-ce-22.3.0/lib/libnet.so
Event: 6.691 Loaded shared library /home/runner/.cache/jdt-language-server/config/org.eclipse.equinox.launcher/org.eclipse.equinox.launcher.gtk.linux.x86_64_1.2.400.v20211117-0650/eclipse_11600.so
Event: 21.746 Loaded shared library /nix/store/gpxl5qgg8kicmcvivwmybwjlpf7wh20l-graalvm17-ce-22.3.0/lib/libextnet.so

Deoptimization events (20 events):
Event: 77.955 Thread 0x00007fae5c48cbc0 DEOPT PACKING pc=0x00007faeb0900905 sp=0x00007fae739fe530
Event: 77.955 Thread 0x00007fae5c48cbc0 DEOPT UNPACKING pc=0x00007faeaf505325 sp=0x00007fae739fda20 mode 0
Event: 77.959 Thread 0x00007fae5c48cbc0 DEOPT PACKING pc=0x00007faeb0900905 sp=0x00007fae739fe530
Event: 77.959 Thread 0x00007fae5c48cbc0 DEOPT UNPACKING pc=0x00007faeaf505325 sp=0x00007fae739fda20 mode 0
Event: 77.960 Thread 0x00007fae5c48cbc0 DEOPT PACKING pc=0x00007faeb0900905 sp=0x00007fae739fe530
Event: 77.960 Thread 0x00007fae5c48cbc0 DEOPT UNPACKING pc=0x00007faeaf505325 sp=0x00007fae739fda20 mode 0
Event: 78.033 Thread 0x00007fae5c48cbc0 DEOPT PACKING pc=0x00007faeb0900905 sp=0x00007fae739fe530
Event: 78.033 Thread 0x00007fae5c48cbc0 DEOPT UNPACKING pc=0x00007faeaf505325 sp=0x00007fae739fda20 mode 0
Event: 78.035 Thread 0x00007fae5c48cbc0 DEOPT PACKING pc=0x00007faeb0900905 sp=0x00007fae739fe530
Event: 78.035 Thread 0x00007fae5c48cbc0 DEOPT UNPACKING pc=0x00007faeaf505325 sp=0x00007fae739fda20 mode 0
Event: 78.047 Thread 0x00007fae5c48cbc0 DEOPT PACKING pc=0x00007faeb0900905 sp=0x00007fae739fe530
Event: 78.047 Thread 0x00007fae5c48cbc0 DEOPT UNPACKING pc=0x00007faeaf505325 sp=0x00007fae739fda20 mode 0
Event: 78.050 Thread 0x00007fae5c48cbc0 DEOPT PACKING pc=0x00007faeb0900905 sp=0x00007fae739fe530
Event: 78.050 Thread 0x00007fae5c48cbc0 DEOPT UNPACKING pc=0x00007faeaf505325 sp=0x00007fae739fda20 mode 0
Event: 78.053 Thread 0x00007fae5c48cbc0 DEOPT PACKING pc=0x00007faeb0900905 sp=0x00007fae739fe530
Event: 78.053 Thread 0x00007fae5c48cbc0 DEOPT UNPACKING pc=0x00007faeaf505325 sp=0x00007fae739fda20 mode 0
Event: 753.961 Thread 0x00007faec80b21e0 Uncommon trap: trap_request=0xffffff8f fr.pc=0x00007faeb703869b relative=0x000000000000017b
Event: 753.961 Thread 0x00007faec80b21e0 Uncommon trap: reason=constraint action=none pc=0x00007faeb703869b method=java.io.ByteArrayOutputStream.<init>(I)V @ 0 jvmci
Event: 753.961 Thread 0x00007faec80b21e0 DEOPT PACKING pc=0x00007faeb703869b sp=0x00007faeac918020
Event: 753.961 Thread 0x00007faec80b21e0 DEOPT UNPACKING pc=0x00007faeaf505325 sp=0x00007faeac9174c8 mode 3

Classes unloaded (20 events):
Event: 193.151 Thread 0x00007faec80a1bf0 Unloading class 0x000000080112b800 'jdk/internal/reflect/GeneratedSerializationConstructorAccessor18'
Event: 193.151 Thread 0x00007faec80a1bf0 Unloading class 0x000000080112b400 'jdk/internal/reflect/GeneratedSerializationConstructorAccessor17'
Event: 193.151 Thread 0x00007faec80a1bf0 Unloading class 0x000000080112b000 'jdk/internal/reflect/GeneratedSerializationConstructorAccessor16'
Event: 193.151 Thread 0x00007faec80a1bf0 Unloading class 0x000000080112ac00 'jdk/internal/reflect/GeneratedSerializationConstructorAccessor15'
Event: 193.151 Thread 0x00007faec80a1bf0 Unloading class 0x000000080112a000 'jdk/internal/reflect/GeneratedSerializationConstructorAccessor14'
Event: 193.151 Thread 0x00007faec80a1bf0 Unloading class 0x0000000801129c00 'jdk/internal/reflect/GeneratedSerializationConstructorAccessor13'
Event: 193.151 Thread 0x00007faec80a1bf0 Unloading class 0x0000000801129800 'jdk/internal/reflect/GeneratedSerializationConstructorAccessor12'
Event: 193.151 Thread 0x00007faec80a1bf0 Unloading class 0x0000000801129400 'jdk/internal/reflect/GeneratedMethodAccessor12'
Event: 193.151 Thread 0x00007faec80a1bf0 Unloading class 0x0000000801128c00 'jdk/internal/reflect/GeneratedSerializationConstructorAccessor11'
Event: 193.151 Thread 0x00007faec80a1bf0 Unloading class 0x0000000801128800 'jdk/internal/reflect/GeneratedSerializationConstructorAccessor10'
Event: 193.151 Thread 0x00007faec80a1bf0 Unloading class 0x0000000801128400 'jdk/internal/reflect/GeneratedSerializationConstructorAccessor9'
Event: 193.151 Thread 0x00007faec80a1bf0 Unloading class 0x0000000801128000 'jdk/internal/reflect/GeneratedSerializationConstructorAccessor8'
Event: 193.151 Thread 0x00007faec80a1bf0 Unloading class 0x0000000801086400 'jdk/internal/reflect/GeneratedSerializationConstructorAccessor2'
Event: 193.151 Thread 0x00007faec80a1bf0 Unloading class 0x0000000801086000 'jdk/internal/reflect/GeneratedSerializationConstructorAccessor1'
Event: 196.669 Thread 0x00007faec80a1bf0 Unloading class 0x00000008010b0c00 'jdk/internal/reflect/GeneratedMethodAccessor10'
Event: 196.669 Thread 0x00007faec80a1bf0 Unloading class 0x00000008010b0800 'jdk/internal/reflect/GeneratedMethodAccessor9'
Event: 196.669 Thread 0x00007faec80a1bf0 Unloading class 0x00000008010b0400 'jdk/internal/reflect/GeneratedMethodAccessor8'
Event: 196.669 Thread 0x00007faec80a1bf0 Unloading class 0x00000008010b0000 'jdk/internal/reflect/GeneratedMethodAccessor7'
Event: 200.135 Thread 0x00007faec80a1bf0 Unloading class 0x0000000801174800 'jdk/internal/reflect/GeneratedConstructorAccessor37'
Event: 200.135 Thread 0x00007faec80a1bf0 Unloading class 0x0000000801129000 'jdk/internal/reflect/GeneratedMethodAccessor11'

Classes redefined (0 events):
No events

Internal exceptions (20 events):
Event: 50.785 Thread 0x00007fae440010d0 Exception <a 'java/lang/NoSuchMethodError'{0x00000000f64c89a8}: static [J.<clinit>()V> (0x00000000f64c89a8) 
thrown [src/hotspot/share/prims/jni.cpp, line 1107]
Event: 53.273 Thread 0x00007fae4c0016a0 Exception <a 'java/io/FileNotFoundException'{0x00000000f5ea4b18}> (0x00000000f5ea4b18) 
thrown [src/hotspot/share/prims/jni.cpp, line 516]
Event: 53.368 Thread 0x00007fae2c002340 Exception <a 'java/lang/NoSuchMethodError'{0x00000000f5ff8578}: 'java.lang.Object java.lang.invoke.DirectMethodHandle$Holder.invokeStatic(java.lang.Object, java.lang.Object, java.lang.Object, long)'> (0x00000000f5ff8578) 
thrown [src/hotspot/share/interpreter/linkResolver.cpp, line 758]
Event: 53.369 Thread 0x00007fae2c002340 Exception <a 'java/lang/NoSuchMethodError'{0x00000000f6001ae8}: 'java.lang.Object java.lang.invoke.DirectMethodHandle$Holder.newInvokeSpecial(java.lang.Object, java.lang.Object, java.lang.Object, long)'> (0x00000000f6001ae8) 
thrown [src/hotspot/share/interpreter/linkResolver.cpp, line 758]
Event: 53.369 Thread 0x00007fae2c002340 Exception <a 'java/lang/NoSuchMethodError'{0x00000000f6006ec8}: 'java.lang.Object java.lang.invoke.DirectMethodHandle$Holder.invokeSpecial(java.lang.Object, java.lang.Object, java.lang.Object, java.lang.Object, long)'> (0x00000000f6006ec8) 
thrown [src/hotspot/share/interpreter/linkResolver.cpp, line 758]
Event: 53.369 Thread 0x00007fae2c002340 Exception <a 'java/lang/NoSuchMethodError'{0x00000000f600aed8}: 'java.lang.Object java.lang.invoke.Invokers$Holder.linkToTargetMethod(java.lang.Object, java.lang.Object, long, java.lang.Object)'> (0x00000000f600aed8) 
thrown [src/hotspot/share/interpreter/linkResolver.cpp, line 758]
Event: 53.443 Thread 0x00007fae2c002340 Exception <a 'java/lang/NoSuchMethodError'{0x00000000f61019b0}: 'java.lang.Object java.lang.invoke.DirectMethodHandle$Holder.newInvokeSpecial(java.lang.Object, java.lang.Object, int, java.lang.Object, java.lang.Object)'> (0x00000000f61019b0) 
thrown [src/hotspot/share/interpreter/linkResolver.cpp, line 758]
Event: 53.443 Thread 0x00007fae2c002340 Exception <a 'java/lang/NoSuchMethodError'{0x00000000f6162868}: 'java.lang.Object java.lang.invoke.DirectMethodHandle$Holder.invokeSpecial(java.lang.Object, java.lang.Object, java.lang.Object, int, java.lang.Object, java.lang.Object)'> (0x00000000f6162868) 
thrown [src/hotspot/share/interpreter/linkResolver.cpp, line 758]
Event: 53.642 Thread 0x00007fae2c002340 Exception <a 'java/lang/NoSuchMethodError'{0x00000000f6af9d78}: 'java.lang.Object java.lang.invoke.DirectMethodHandle$Holder.newInvokeSpecial(java.lang.Object, java.lang.Object, java.lang.Object, int, java.lang.Object)'> (0x00000000f6af9d78) 
thrown [src/hotspot/share/interpreter/linkResolver.cpp, line 758]
Event: 53.643 Thread 0x00007fae2c002340 Exception <a 'java/lang/NoSuchMethodError'{0x00000000f6aff6c8}: 'java.lang.Object java.lang.invoke.DirectMethodHandle$Holder.invokeSpecial(java.lang.Object, java.lang.Object, java.lang.Object, java.lang.Object, int, java.lang.Object)'> (0x00000000f6aff6c8) 
thrown [src/hotspot/share/interpreter/linkResolver.cpp, line 758]
Event: 53.643 Thread 0x00007fae2c002340 Exception <a 'java/lang/NoSuchMethodError'{0x00000000f6b04048}: 'java.lang.Object java.lang.invoke.Invokers$Holder.linkToTargetMethod(java.lang.Object, java.lang.Object, int, java.lang.Object, java.lang.Object)'> (0x00000000f6b04048) 
thrown [src/hotspot/share/interpreter/linkResolver.cpp, line 758]
Event: 56.874 Thread 0x00007fae4c0016a0 Implicit null exception at 0x00007faeb70d11e9 to 0x00007faeb70d139b
Event: 58.757 Thread 0x00007fae5c48cbc0 Implicit null exception at 0x00007faeb7178da2 to 0x00007faeb717d342
Event: 61.661 Thread 0x00007fae38114360 Exception <a 'java/lang/NoSuchMethodError'{0x00000000f5a59be0}: 'java.lang.Object java.lang.invoke.DirectMethodHandle$Holder.invokeStatic(java.lang.Object, int, java.lang.Object, java.lang.Object, java.lang.Object, java.lang.Object)'> (0x00000000f5a59be0) 
thrown [src/hotspot/share/interpreter/linkResolver.cpp, line 758]
Event: 61.732 Thread 0x00007fae38114360 Exception <a 'java/lang/NoSuchMethodError'{0x00000000f5a62488}: 'java.lang.Object java.lang.invoke.DirectMethodHandle$Holder.newInvokeSpecial(java.lang.Object, int, java.lang.Object, java.lang.Object, java.lang.Object)'> (0x00000000f5a62488) 
thrown [src/hotspot/share/interpreter/linkResolver.cpp, line 758]
Event: 61.980 Thread 0x00007fae38114360 Exception <a 'java/lang/NoSuchMethodError'{0x00000000f6b6ba08}: 'void java.lang.invoke.DirectMethodHandle$Holder.invokeSpecial(java.lang.Object, java.lang.Object, int)'> (0x00000000f6b6ba08) 
thrown [src/hotspot/share/interpreter/linkResolver.cpp, line 758]
Event: 62.746 Thread 0x00007fae38114360 Exception <a 'java/lang/NoSuchMethodError'{0x00000000f68443e0}: 'int java.lang.invoke.DirectMethodHandle$Holder.invokeSpecialIFC(java.lang.Object, java.lang.Object, java.lang.Object, java.lang.Object)'> (0x00000000f68443e0) 
thrown [src/hotspot/share/interpreter/linkResolver.cpp, line 758]
Event: 753.961 Thread 0x00007faec80b21e0 Exception <a 'java/lang/OutOfMemoryError'{0x00000000e00109b8}> (0x00000000e00109b8) 
thrown [src/hotspot/share/gc/shared/memAllocator.cpp, line 138]
Event: 753.961 Thread 0x00007faec80b21e0 Implicit null exception at 0x00007faeb7038651 to 0x00007faeb7038680
Event: 756.778 Thread 0x00007faec80b21e0 Exception <a 'java/lang/OutOfMemoryError'{0x00000000e000fe78}> (0x00000000e000fe78) 
thrown [src/hotspot/share/gc/shared/memAllocator.cpp, line 136]

VM Operations (20 events):
Event: 738.757 Executing VM operation: ParallelGCFailedAllocation
Event: 740.345 Executing VM operation: ParallelGCFailedAllocation done
Event: 740.345 Executing VM operation: ParallelGCFailedAllocation
Event: 741.743 Executing VM operation: ParallelGCFailedAllocation done
Event: 741.743 Executing VM operation: ParallelGCFailedAllocation
Event: 743.158 Executing VM operation: ParallelGCFailedAllocation done
Event: 743.159 Executing VM operation: ParallelGCFailedAllocation
Event: 744.612 Executing VM operation: ParallelGCFailedAllocation done
Event: 744.612 Executing VM operation: ParallelGCFailedAllocation
Event: 746.158 Executing VM operation: ParallelGCFailedAllocation done
Event: 746.158 Executing VM operation: ParallelGCFailedAllocation
Event: 748.030 Executing VM operation: ParallelGCFailedAllocation done
Event: 748.031 Executing VM operation: ParallelGCFailedAllocation
Event: 749.573 Executing VM operation: ParallelGCFailedAllocation done
Event: 749.573 Executing VM operation: ParallelGCFailedAllocation
Event: 751.077 Executing VM operation: ParallelGCFailedAllocation done
Event: 751.077 Executing VM operation: ParallelGCFailedAllocation
Event: 753.961 Executing VM operation: ParallelGCFailedAllocation done
Event: 753.961 Executing VM operation: ParallelGCFailedAllocation
Event: 756.778 Executing VM operation: ParallelGCFailedAllocation done

Events (20 events):
Event: 60.252 loading class java/util/concurrent/CompletableFuture$Signaller done
Event: 60.949 loading class java/util/Collections$SynchronizedRandomAccessList
Event: 60.949 loading class java/util/Collections$SynchronizedList
Event: 60.949 loading class java/util/Collections$SynchronizedList done
Event: 60.949 loading class java/util/Collections$SynchronizedRandomAccessList done
Event: 62.197 Thread 0x00007faec820e680 Thread exited: 0x00007faec820e680
Event: 62.432 loading class java/util/AbstractList$SubList
Event: 62.432 loading class java/util/AbstractList$SubList done
Event: 62.842 Thread 0x00007fae38114360 Thread exited: 0x00007fae38114360
Event: 106.799 Thread 0x00007fae24004860 Thread exited: 0x00007fae24004860
Event: 121.389 Thread 0x00007fae2c002340 Thread exited: 0x00007fae2c002340
Event: 121.389 Thread 0x00007fae440010d0 Thread exited: 0x00007fae440010d0
Event: 121.389 Thread 0x00007fae5c30cb60 Thread exited: 0x00007fae5c30cb60
Event: 121.434 Thread 0x00007fae48000ff0 Thread exited: 0x00007fae48000ff0
Event: 123.076 Thread 0x00007fae4c0016a0 Thread exited: 0x00007fae4c0016a0
Event: 328.858 Thread 0x00007fae304ce070 Thread added: 0x00007fae304ce070
Event: 328.858 Protecting memory [0x00007fae73100000,0x00007fae73104000] with protection modes 0
Event: 415.255 Thread 0x00007fae3041df00 Thread exited: 0x00007fae3041df00
Event: 418.749 Thread 0x00007fae24003a00 Thread exited: 0x00007fae24003a00
Event: 467.407 Thread 0x00007fae3041e740 Thread exited: 0x00007fae3041e740


Dynamic libraries:
e0000000-f5580000 rw-p 00000000 00:00 0 
f5580000-f9f00000 rw-p 00000000 00:00 0 
f9f00000-100000000 ---p 00000000 00:00 0 
800000000-800449000 rw-p 00001000 00:18b7 4611686019135357769            /nix/store/gpxl5qgg8kicmcvivwmybwjlpf7wh20l-graalvm17-ce-22.3.0/lib/server/classes.jsa
800449000-800bc8000 r--p 0044a000 00:18b7 4611686019135357769            /nix/store/gpxl5qgg8kicmcvivwmybwjlpf7wh20l-graalvm17-ce-22.3.0/lib/server/classes.jsa
800bc8000-800c00000 ---p 00000000 00:00 0 
800c00000-800c20000 rw-p 00000000 00:00 0 
800c20000-800c40000 rw-p 00000000 00:00 0 
800c40000-800cc0000 rw-p 00000000 00:00 0 
800cc0000-800d00000 rw-p 00000000 00:00 0 
800d00000-800dc0000 rw-p 00000000 00:00 0 
800dc0000-800e00000 rw-p 00000000 00:00 0 
800e00000-800f40000 rw-p 00000000 00:00 0 
800f40000-800fc0000 rw-p 00000000 00:00 0 
800fc0000-801000000 rw-p 00000000 00:00 0 
801000000-8011e0000 rw-p 00000000 00:00 0 
8011e0000-8011f0000 rw-p 00000000 00:00 0 
8011f0000-801200000 ---p 00000000 00:00 0 
801200000-801250000 rw-p 00000000 00:00 0 
801250000-840c00000 ---p 00000000 00:00 0 
557b6505f000-557b65060000 r-xp 00000000 00:18b7 4611686019099417844      /nix/store/gpxl5qgg8kicmcvivwmybwjlpf7wh20l-graalvm17-ce-22.3.0/bin/.java-wrapped
557b65061000-557b65062000 r--p 00001000 00:18b7 4611686019099417844      /nix/store/gpxl5qgg8kicmcvivwmybwjlpf7wh20l-graalvm17-ce-22.3.0/bin/.java-wrapped
557b65062000-557b65063000 rw-p 00002000 00:18b7 4611686019099417844      /nix/store/gpxl5qgg8kicmcvivwmybwjlpf7wh20l-graalvm17-ce-22.3.0/bin/.java-wrapped
557b65063000-557b65064000 rw-p 00004000 00:18b7 4611686019099417844      /nix/store/gpxl5qgg8kicmcvivwmybwjlpf7wh20l-graalvm17-ce-22.3.0/bin/.java-wrapped
557b65064000-557b65065000 rw-p 00005000 00:18b7 4611686019099417844      /nix/store/gpxl5qgg8kicmcvivwmybwjlpf7wh20l-graalvm17-ce-22.3.0/bin/.java-wrapped
557b664d4000-557b6651c000 rw-p 00000000 00:00 0                          [heap]
7fadfc000000-7fadfc14d000 rw-p 00000000 00:00 0 
7fadfc14d000-7fae00000000 ---p 00000000 00:00 0 
7fae04000000-7fae04021000 rw-p 00000000 00:00 0 
7fae04021000-7fae08000000 ---p 00000000 00:00 0 
7fae08000000-7fae08021000 rw-p 00000000 00:00 0 
7fae08021000-7fae0c000000 ---p 00000000 00:00 0 
7fae0c000000-7fae0c021000 rw-p 00000000 00:00 0 
7fae0c021000-7fae10000000 ---p 00000000 00:00 0 
7fae10000000-7fae10021000 rw-p 00000000 00:00 0 
7fae10021000-7fae14000000 ---p 00000000 00:00 0 
7fae14000000-7fae14021000 rw-p 00000000 00:00 0 
7fae14021000-7fae18000000 ---p 00000000 00:00 0 
7fae19300000-7fae19400000 ---p 00000000 00:00 0 
7fae19400000-7fae199af000 r--p 01122000 00:18b7 4611686019135190040      /nix/store/gpxl5qgg8kicmcvivwmybwjlpf7wh20l-graalvm17-ce-22.3.0/lib/libjvmcicompiler.so
7fae199af000-7fae19b00000 r--p 00000000 00:00 0 
7fae19b00000-7fae19b3d000 rw-p 00000000 00:00 0 
7fae19b3d000-7fae1a05d000 rw-p 0185f000 00:18b7 4611686019135190040      /nix/store/gpxl5qgg8kicmcvivwmybwjlpf7wh20l-graalvm17-ce-22.3.0/lib/libjvmcicompiler.so
7fae1a05d000-7fae1a444000 r--p 01d7f000 00:18b7 4611686019135190040      /nix/store/gpxl5qgg8kicmcvivwmybwjlpf7wh20l-graalvm17-ce-22.3.0/lib/libjvmcicompiler.so
7fae1a4b3000-7fae24000000 r--s 00000000 00:18b7 4611686019135192581      /nix/store/gpxl5qgg8kicmcvivwmybwjlpf7wh20l-graalvm17-ce-22.3.0/lib/modules
7fae24000000-7fae24021000 rw-p 00000000 00:00 0 
7fae24021000-7fae28000000 ---p 00000000 00:00 0 
7fae28000000-7fae2804d000 rw-p 00000000 00:00 0 
7fae2804d000-7fae2c000000 ---p 00000000 00:00 0 
7fae2c000000-7fae2c13f000 rw-p 00000000 00:00 0 
7fae2c13f000-7fae30000000 ---p 00000000 00:00 0 
7fae30000000-7fae304da000 rw-p 00000000 00:00 0 
7fae304da000-7fae34000000 ---p 00000000 00:00 0 
7fae34000000-7fae34021000 rw-p 00000000 00:00 0 
7fae34021000-7fae38000000 ---p 00000000 00:00 0 
7fae38000000-7fae38157000 rw-p 00000000 00:00 0 
7fae38157000-7fae3c000000 ---p 00000000 00:00 0 
7fae3c000000-7fae3c06b000 rw-p 00000000 00:00 0 
7fae3c06b000-7fae40000000 ---p 00000000 00:00 0 
7fae40000000-7fae40021000 rw-p 00000000 00:00 0 
7fae40021000-7fae44000000 ---p 00000000 00:00 0 
7fae44000000-7fae44042000 rw-p 00000000 00:00 0 
7fae44042000-7fae48000000 ---p 00000000 00:00 0 
7fae48000000-7fae48309000 rw-p 00000000 00:00 0 
7fae48309000-7fae4c000000 ---p 00000000 00:00 0 
7fae4c000000-7fae4c101000 rw-p 00000000 00:00 0 
7fae4c101000-7fae50000000 ---p 00000000 00:00 0 
7fae50000000-7fae50021000 rw-p 00000000 00:00 0 
7fae50021000-7fae54000000 ---p 00000000 00:00 0 
7fae54000000-7fae54021000 rw-p 00000000 00:00 0 
7fae54021000-7fae58000000 ---p 00000000 00:00 0 
7fae58c00000-7fae590d0000 rw-p 00000000 00:00 0 
7fae590d0000-7fae59400000 ---p 00000000 00:00 0 
7fae59400000-7fae599c0000 rw-p 00000000 00:00 0 
7fae599c0000-7fae59a00000 rw-p 00000000 00:00 0 
7fae59a00000-7fae59c00000 rw-p 00000000 00:00 0 
7fae5a000000-7fae5a500000 rw-p 00000000 00:00 0 
7fae5a500000-7fae5a600000 rw-p 00000000 00:00 0 
7fae5a600000-7fae5a800000 rw-p 00000000 00:00 0 
7fae5a800000-7fae5a900000 rw-p 00000000 00:00 0 
7fae5a900000-7fae5ab00000 rw-p 00000000 00:00 0 
7fae5ab00000-7fae5ad00000 rw-p 00000000 00:00 0 
7fae5ad00000-7fae5ae00000 rw-p 00000000 00:00 0 
7fae5ae00000-7fae5af00000 rw-p 00000000 00:00 0 
7fae5af00000-7fae5b000000 rw-p 00000000 00:00 0 
7fae5b000000-7fae5b100000 rw-p 00000000 00:00 0 
7fae5b100000-7fae5b200000 rw-p 00000000 00:00 0 
7fae5b200000-7fae5b800000 rw-p 00000000 00:00 0 
7fae5b800000-7fae5b900000 rw-p 00000000 00:00 0 
7fae5b900000-7fae5ba00000 rw-p 00000000 00:00 0 
7fae5ba00000-7fae5bd00000 rw-p 00000000 00:00 0 
7fae5bd00000-7fae5be00000 rw-p 00000000 00:00 0 
7fae5be00000-7fae5c000000 rw-p 00000000 00:00 0 
7fae5c000000-7fae5c8b9000 rw-p 00000000 00:00 0 
7fae5c8b9000-7fae60000000 ---p 00000000 00:00 0 
7fae60000000-7fae60027000 rw-p 00000000 00:00 0 
7fae60027000-7fae64000000 ---p 00000000 00:00 0 
7fae64000000-7fae64021000 rw-p 00000000 00:00 0 
7fae64021000-7fae68000000 ---p 00000000 00:00 0 
7fae68000000-7fae68021000 rw-p 00000000 00:00 0 
7fae68021000-7fae6c000000 ---p 00000000 00:00 0 
7fae6c000000-7fae6c021000 rw-p 00000000 00:00 0 
7fae6c021000-7fae70000000 ---p 00000000 00:00 0 
7fae71200000-7fae71210000 r-xp 00000000 00:a99 353                       /home/runner/.cache/jdt-language-server/config/org.eclipse.equinox.launcher/org.eclipse.equinox.launcher.gtk.linux.x86_64_1.2.400.v20211117-0650/eclipse_11600.so
7fae71210000-7fae7140f000 ---p 00010000 00:a99 353                       /home/runner/.cache/jdt-language-server/config/org.eclipse.equinox.launcher/org.eclipse.equinox.launcher.gtk.linux.x86_64_1.2.400.v20211117-0650/eclipse_11600.so
7fae7140f000-7fae71410000 r--p 0000f000 00:a99 353                       /home/runner/.cache/jdt-language-server/config/org.eclipse.equinox.launcher/org.eclipse.equinox.launcher.gtk.linux.x86_64_1.2.400.v20211117-0650/eclipse_11600.so
7fae71410000-7fae71411000 rw-p 00010000 00:a99 353                       /home/runner/.cache/jdt-language-server/config/org.eclipse.equinox.launcher/org.eclipse.equinox.launcher.gtk.linux.x86_64_1.2.400.v20211117-0650/eclipse_11600.so
7fae72100000-7fae72104000 ---p 00000000 00:00 0 
7fae72104000-7fae72200000 rw-p 00000000 00:00 0 
7fae72300000-7fae72304000 ---p 00000000 00:00 0 
7fae72304000-7fae72400000 rw-p 00000000 00:00 0 
7fae72500000-7fae72504000 ---p 00000000 00:00 0 
7fae72504000-7fae72600000 rw-p 00000000 00:00 0 
7fae72700000-7fae72704000 ---p 00000000 00:00 0 
7fae72704000-7fae72800000 rw-p 00000000 00:00 0 
7fae72900000-7fae72904000 ---p 00000000 00:00 0 
7fae72904000-7fae72a00000 rw-p 00000000 00:00 0 
7fae72b00000-7fae72b04000 ---p 00000000 00:00 0 
7fae72b04000-7fae72c00000 rw-p 00000000 00:00 0 
7fae72d00000-7fae72d04000 ---p 00000000 00:00 0 
7fae72d04000-7fae72e00000 rw-p 00000000 00:00 0 
7fae72f00000-7fae72f04000 ---p 00000000 00:00 0 
7fae72f04000-7fae73000000 rw-p 00000000 00:00 0 
7fae73100000-7fae73104000 ---p 00000000 00:00 0 
7fae73104000-7fae73200000 rw-p 00000000 00:00 0 
7fae73300000-7fae73304000 ---p 00000000 00:00 0 
7fae73304000-7fae73400000 rw-p 00000000 00:00 0 
7fae73500000-7fae73504000 ---p 00000000 00:00 0 
7fae73504000-7fae73600000 rw-p 00000000 00:00 0 
7fae73700000-7fae73704000 ---p 00000000 00:00 0 
7fae73704000-7fae73800000 rw-p 00000000 00:00 0 
7fae73900000-7fae73904000 ---p 00000000 00:00 0 
7fae73904000-7fae73a00000 rw-p 00000000 00:00 0 
7fae73b00000-7fae73b04000 ---p 00000000 00:00 0 
7fae73b04000-7fae73c00000 rw-p 00000000 00:00 0 
7fae73d00000-7fae73d04000 ---p 00000000 00:00 0 
7fae73d04000-7fae73e00000 rw-p 00000000 00:00 0 
7fae73e00000-7fae73e04000 ---p 00000000 00:00 0 
7fae73e04000-7fae73f00000 rw-p 00000000 00:00 0 
7fae73f00000-7fae73f04000 ---p 00000000 00:00 0 
7fae73f04000-7fae74000000 rw-p 00000000 00:00 0 
7fae74100000-7fae74104000 ---p 00000000 00:00 0 
7fae74104000-7fae74200000 rw-p 00000000 00:00 0 
7fae74300000-7fae74304000 ---p 00000000 00:00 0 
7fae74304000-7fae74400000 rw-p 00000000 00:00 0 
7fae74500000-7fae74504000 ---p 00000000 00:00 0 
7fae74504000-7fae74600000 rw-p 00000000 00:00 0 
7fae74700000-7fae74704000 ---p 00000000 00:00 0 
7fae74704000-7fae74800000 rw-p 00000000 00:00 0 
7fae74900000-7fae74904000 ---p 00000000 00:00 0 
7fae74904000-7fae74a00000 rw-p 00000000 00:00 0 
7fae75668000-7fae75b00000 rw-p 00000000 00:00 0 
7fae75c00000-7fae77d6a000 r-xp 00000000 00:18b7 4611686019135190040      /nix/store/gpxl5qgg8kicmcvivwmybwjlpf7wh20l-graalvm17-ce-22.3.0/lib/libjvmcicompiler.so
7fae77d6a000-7fae77f69000 ---p 0216a000 00:18b7 4611686019135190040      /nix/store/gpxl5qgg8kicmcvivwmybwjlpf7wh20l-graalvm17-ce-22.3.0/lib/libjvmcicompiler.so
7fae77f69000-7fae77f6a000 r--p 02169000 00:18b7 4611686019135190040      /nix/store/gpxl5qgg8kicmcvivwmybwjlpf7wh20l-graalvm17-ce-22.3.0/lib/libjvmcicompiler.so
7fae77f6a000-7fae77f6c000 rw-p 0216a000 00:18b7 4611686019135190040      /nix/store/gpxl5qgg8kicmcvivwmybwjlpf7wh20l-graalvm17-ce-22.3.0/lib/libjvmcicompiler.so
7fae77f6c000-7fae77f6d000 rw-p 00000000 00:00 0 
7fae77f6d000-7fae77f72000 rw-p 023c3000 00:18b7 4611686019135190040      /nix/store/gpxl5qgg8kicmcvivwmybwjlpf7wh20l-graalvm17-ce-22.3.0/lib/libjvmcicompiler.so
7fae78000000-7fae78021000 rw-p 00000000 00:00 0 
7fae78021000-7fae7c000000 ---p 00000000 00:00 0 
7fae7c000000-7fae7c021000 rw-p 00000000 00:00 0 
7fae7c021000-7fae80000000 ---p 00000000 00:00 0 
7fae80000000-7fae80021000 rw-p 00000000 00:00 0 
7fae80021000-7fae84000000 ---p 00000000 00:00 0 
7fae84000000-7fae84021000 rw-p 00000000 00:00 0 
7fae84021000-7fae88000000 ---p 00000000 00:00 0 
7fae88000000-7fae880ce000 rw-p 00000000 00:00 0 
7fae880ce000-7fae8c000000 ---p 00000000 00:00 0 
7fae8c000000-7fae8c848000 rw-p 00000000 00:00 0 
7fae8c848000-7fae90000000 ---p 00000000 00:00 0 
7fae90000000-7fae90021000 rw-p 00000000 00:00 0 
7fae90021000-7fae94000000 ---p 00000000 00:00 0 
7fae94000000-7fae94021000 rw-p 00000000 00:00 0 
7fae94021000-7fae98000000 ---p 00000000 00:00 0 
7fae98000000-7fae98021000 rw-p 00000000 00:00 0 
7fae98021000-7fae9c000000 ---p 00000000 00:00 0 
7fae9c000000-7fae9c021000 rw-p 00000000 00:00 0 
7fae9c021000-7faea0000000 ---p 00000000 00:00 0 
7faea0000000-7faea0021000 rw-p 00000000 00:00 0 
7faea0021000-7faea4000000 ---p 00000000 00:00 0 
7faea4000000-7faea4021000 rw-p 00000000 00:00 0 
7faea4021000-7faea8000000 ---p 00000000 00:00 0 
7faea8000000-7faea806e000 rw-p 00000000 00:00 0 
7faea806e000-7faeac000000 ---p 00000000 00:00 0 
7faeac018000-7faeac01c000 ---p 00000000 00:00 0 
7faeac01c000-7faeac118000 rw-p 00000000 00:00 0 
7faeac118000-7faeac119000 ---p 00000000 00:00 0 
7faeac119000-7faeac21a000 rw-p 00000000 00:00 0 
7faeac21a000-7faeac21e000 ---p 00000000 00:00 0 
7faeac21e000-7faeac31a000 rw-p 00000000 00:00 0 
7faeac31a000-7faeac31e000 ---p 00000000 00:00 0 
7faeac31e000-7faeac41a000 rw-p 00000000 00:00 0 
7faeac41a000-7faeac41e000 ---p 00000000 00:00 0 
7faeac41e000-7faeac51a000 rw-p 00000000 00:00 0 
7faeac51a000-7faeac51e000 ---p 00000000 00:00 0 
7faeac51e000-7faeac71a000 rw-p 00000000 00:00 0 
7faeac71a000-7faeac71e000 ---p 00000000 00:00 0 
7faeac71e000-7faeac91a000 rw-p 00000000 00:00 0 
7faeac91a000-7faeac91e000 ---p 00000000 00:00 0 
7faeac91e000-7faeaca1a000 rw-p 00000000 00:00 0 
7faeaca1a000-7faeaca1e000 ---p 00000000 00:00 0 
7faeaca1e000-7faeacb1a000 rw-p 00000000 00:00 0 
7faeacb1a000-7faeacb1e000 ---p 00000000 00:00 0 
7faeacb1e000-7faeacc1a000 rw-p 00000000 00:00 0 
7faeacc1a000-7faeacf00000 r--p 00000000 00:1883 28444448                 /usr/lib/locale/locale-archive
7faeacf00000-7faeacf04000 ---p 00000000 00:00 0 
7faeacf04000-7faead400000 rw-p 00000000 00:00 0 
7faead400000-7faead700000 rw-p 00000000 00:00 0 
7faead700000-7faead800000 rw-p 00000000 00:00 0 
7faead87f000-7faead883000 ---p 00000000 00:00 0 
7faead883000-7faead8a1000 rw-p 00000000 00:00 0 
7faead8a1000-7faead8b6000 r-xp 00000000 00:18b7 4611686019135192570      /nix/store/gpxl5qgg8kicmcvivwmybwjlpf7wh20l-graalvm17-ce-22.3.0/lib/libnet.so
7faead8b6000-7faead8b7000 ---p 00015000 00:18b7 4611686019135192570      /nix/store/gpxl5qgg8kicmcvivwmybwjlpf7wh20l-graalvm17-ce-22.3.0/lib/libnet.so
7faead8b7000-7faead8b8000 r--p 00015000 00:18b7 4611686019135192570      /nix/store/gpxl5qgg8kicmcvivwmybwjlpf7wh20l-graalvm17-ce-22.3.0/lib/libnet.so
7faead8b8000-7faead8b9000 rw-p 00016000 00:18b7 4611686019135192570      /nix/store/gpxl5qgg8kicmcvivwmybwjlpf7wh20l-graalvm17-ce-22.3.0/lib/libnet.so
7faead8b9000-7faead8bc000 rw-p 0001b000 00:18b7 4611686019135192570      /nix/store/gpxl5qgg8kicmcvivwmybwjlpf7wh20l-graalvm17-ce-22.3.0/lib/libnet.so
7faead8bc000-7faead8c0000 ---p 00000000 00:00 0 
7faead8c0000-7faead9bc000 rw-p 00000000 00:00 0 
7faead9bc000-7faead9bd000 ---p 00000000 00:00 0 
7faead9bd000-7faeadabe000 rw-p 00000000 00:00 0 
7faeadabe000-7faeadb8c000 r-xp 00000000 00:18b7 4611686019135190036      /nix/store/gpxl5qgg8kicmcvivwmybwjlpf7wh20l-graalvm17-ce-22.3.0/lib/libjsvml.so
7faeadb8c000-7faeadb8d000 r--p 000cd000 00:18b7 4611686019135190036      /nix/store/gpxl5qgg8kicmcvivwmybwjlpf7wh20l-graalvm17-ce-22.3.0/lib/libjsvml.so
7faeadb8d000-7faeadb8e000 rw-p 000ce000 00:18b7 4611686019135190036      /nix/store/gpxl5qgg8kicmcvivwmybwjlpf7wh20l-graalvm17-ce-22.3.0/lib/libjsvml.so
7faeadb8e000-7faeaf3b1000 rw-p 00000000 00:00 0 
7faeaf3b1000-7faeaf3b2000 ---p 00000000 00:00 0 
7faeaf3b2000-7faeaf4b3000 rw-p 00000000 00:00 0 
7faeaf4b3000-7faeaf723000 rwxp 00000000 00:00 0 
7faeaf723000-7faeafa42000 ---p 00000000 00:00 0 
7faeafa42000-7faeb0912000 rwxp 00000000 00:00 0 
7faeb0912000-7faeb6f7a000 ---p 00000000 00:00 0 
7faeb6f7a000-7faeb721a000 rwxp 00000000 00:00 0 
7faeb721a000-7faebe4b3000 ---p 00000000 00:00 0 
7faebe4b3000-7faec8000000 r--s 00000000 00:18b7 4611686019135192581      /nix/store/gpxl5qgg8kicmcvivwmybwjlpf7wh20l-graalvm17-ce-22.3.0/lib/modules
7faec8000000-7faec8601000 rw-p 00000000 00:00 0 
7faec8601000-7faecc000000 ---p 00000000 00:00 0 
7faecc004000-7faecc006000 r-xp 00000000 00:18b7 4611686019135190017      /nix/store/gpxl5qgg8kicmcvivwmybwjlpf7wh20l-graalvm17-ce-22.3.0/lib/libextnet.so
7faecc006000-7faecc007000 r--p 00001000 00:18b7 4611686019135190017      /nix/store/gpxl5qgg8kicmcvivwmybwjlpf7wh20l-graalvm17-ce-22.3.0/lib/libextnet.so
7faecc007000-7faecc008000 rw-p 00002000 00:18b7 4611686019135190017      /nix/store/gpxl5qgg8kicmcvivwmybwjlpf7wh20l-graalvm17-ce-22.3.0/lib/libextnet.so
7faecc008000-7faecc009000 rw-p 00004000 00:18b7 4611686019135190017      /nix/store/gpxl5qgg8kicmcvivwmybwjlpf7wh20l-graalvm17-ce-22.3.0/lib/libextnet.so
7faecc009000-7faecc010000 r-xp 00000000 00:18b7 4611686019135192580      /nix/store/gpxl5qgg8kicmcvivwmybwjlpf7wh20l-graalvm17-ce-22.3.0/lib/libzip.so
7faecc010000-7faecc011000 ---p 00007000 00:18b7 4611686019135192580      /nix/store/gpxl5qgg8kicmcvivwmybwjlpf7wh20l-graalvm17-ce-22.3.0/lib/libzip.so
7faecc011000-7faecc012000 r--p 00007000 00:18b7 4611686019135192580      /nix/store/gpxl5qgg8kicmcvivwmybwjlpf7wh20l-graalvm17-ce-22.3.0/lib/libzip.so
7faecc012000-7faecc013000 rw-p 00008000 00:18b7 4611686019135192580      /nix/store/gpxl5qgg8kicmcvivwmybwjlpf7wh20l-graalvm17-ce-22.3.0/lib/libzip.so
7faecc013000-7faecc015000 rw-p 0000b000 00:18b7 4611686019135192580      /nix/store/gpxl5qgg8kicmcvivwmybwjlpf7wh20l-graalvm17-ce-22.3.0/lib/libzip.so
7faecc015000-7faecc028000 r-xp 00000000 00:18b7 4611686019135192571      /nix/store/gpxl5qgg8kicmcvivwmybwjlpf7wh20l-graalvm17-ce-22.3.0/lib/libnio.so
7faecc028000-7faecc029000 r--p 00012000 00:18b7 4611686019135192571      /nix/store/gpxl5qgg8kicmcvivwmybwjlpf7wh20l-graalvm17-ce-22.3.0/lib/libnio.so
7faecc029000-7faecc02a000 rw-p 00013000 00:18b7 4611686019135192571      /nix/store/gpxl5qgg8kicmcvivwmybwjlpf7wh20l-graalvm17-ce-22.3.0/lib/libnio.so
7faecc02a000-7faecc02f000 rw-p 00019000 00:18b7 4611686019135192571      /nix/store/gpxl5qgg8kicmcvivwmybwjlpf7wh20l-graalvm17-ce-22.3.0/lib/libnio.so
7faecc02f000-7faecc0e4000 rw-p 00000000 00:00 0 
7faecc0e4000-7faecc18e000 rw-p 00000000 00:00 0 
7faecc18e000-7faecc1b4000 rw-p 00000000 00:00 0 
7faecc1b4000-7faecc1e4000 ---p 00000000 00:00 0 
7faecc1e4000-7faecc1eb000 rw-p 00000000 00:00 0 
7faecc1eb000-7faecc2d0000 ---p 00000000 00:00 0 
7faecc2d0000-7faecc2ee000 rw-p 00000000 00:00 0 
7faecc2ee000-7faecc3bb000 ---p 00000000 00:00 0 
7faecc3bb000-7faecc3c0000 rw-p 00000000 00:00 0 
7faecc3c0000-7faecc3c7000 ---p 00000000 00:00 0 
7faecc3c7000-7faecc3eb000 r-xp 00000000 00:18b7 4611686019135190028      /nix/store/gpxl5qgg8kicmcvivwmybwjlpf7wh20l-graalvm17-ce-22.3.0/lib/libjava.so
7faecc3eb000-7faecc3ec000 ---p 00024000 00:18b7 4611686019135190028      /nix/store/gpxl5qgg8kicmcvivwmybwjlpf7wh20l-graalvm17-ce-22.3.0/lib/libjava.so
7faecc3ec000-7faecc3ed000 r--p 00024000 00:18b7 4611686019135190028      /nix/store/gpxl5qgg8kicmcvivwmybwjlpf7wh20l-graalvm17-ce-22.3.0/lib/libjava.so
7faecc3ed000-7faecc3ee000 rw-p 00025000 00:18b7 4611686019135190028      /nix/store/gpxl5qgg8kicmcvivwmybwjlpf7wh20l-graalvm17-ce-22.3.0/lib/libjava.so
7faecc3ee000-7faecc3ef000 rw-p 00000000 00:00 0 
7faecc3ef000-7faecc3f6000 rw-p 0002f000 00:18b7 4611686019135190028      /nix/store/gpxl5qgg8kicmcvivwmybwjlpf7wh20l-graalvm17-ce-22.3.0/lib/libjava.so
7faecc3f6000-7faecc3fe000 rw-s 00000000 00:5b0 350                       /tmp/hsperfdata_runner/31
7faecc3fe000-7faecc3ff000 ---p 00000000 00:00 0 
7faecc3ff000-7faecc400000 r--p 00000000 00:00 0 
7faecc400000-7faecc401000 rwxp 00000000 00:00 0 
7faecc401000-7faecc41c000 r-xp 00000000 00:18b7 4611686019135190032      /nix/store/gpxl5qgg8kicmcvivwmybwjlpf7wh20l-graalvm17-ce-22.3.0/lib/libjimage.so
7faecc41c000-7faecc41d000 ---p 0001b000 00:18b7 4611686019135190032      /nix/store/gpxl5qgg8kicmcvivwmybwjlpf7wh20l-graalvm17-ce-22.3.0/lib/libjimage.so
7faecc41d000-7faecc41f000 r--p 0001b000 00:18b7 4611686019135190032      /nix/store/gpxl5qgg8kicmcvivwmybwjlpf7wh20l-graalvm17-ce-22.3.0/lib/libjimage.so
7faecc41f000-7faecc420000 rw-p 0001d000 00:18b7 4611686019135190032      /nix/store/gpxl5qgg8kicmcvivwmybwjlpf7wh20l-graalvm17-ce-22.3.0/lib/libjimage.so
7faecc420000-7faecc421000 rw-p 00024000 00:18b7 4611686019135190032      /nix/store/gpxl5qgg8kicmcvivwmybwjlpf7wh20l-graalvm17-ce-22.3.0/lib/libjimage.so
7faecc421000-7faecc425000 ---p 00000000 00:00 0 
7faecc425000-7faecc521000 rw-p 00000000 00:00 0 
7faecc521000-7faecc52f000 r--p 00000000 00:18b7 4611686019027979927      /nix/store/4nlgxhb09sdr51nc9hdm8az5b08vzkgx-glibc-2.35-163/lib/libm.so.6
7faecc52f000-7faecc5a2000 r-xp 0000e000 00:18b7 4611686019027979927      /nix/store/4nlgxhb09sdr51nc9hdm8az5b08vzkgx-glibc-2.35-163/lib/libm.so.6
7faecc5a2000-7faecc5ff000 r--p 00081000 00:18b7 4611686019027979927      /nix/store/4nlgxhb09sdr51nc9hdm8az5b08vzkgx-glibc-2.35-163/lib/libm.so.6
7faecc5ff000-7faecc600000 r--p 000dd000 00:18b7 4611686019027979927      /nix/store/4nlgxhb09sdr51nc9hdm8az5b08vzkgx-glibc-2.35-163/lib/libm.so.6
7faecc600000-7faecc601000 rw-p 000de000 00:18b7 4611686019027979927      /nix/store/4nlgxhb09sdr51nc9hdm8az5b08vzkgx-glibc-2.35-163/lib/libm.so.6
7faecc601000-7faecc602000 r--p 00000000 00:18b7 4611686019027979946      /nix/store/4nlgxhb09sdr51nc9hdm8az5b08vzkgx-glibc-2.35-163/lib/librt.so.1
7faecc602000-7faecc603000 r-xp 00001000 00:18b7 4611686019027979946      /nix/store/4nlgxhb09sdr51nc9hdm8az5b08vzkgx-glibc-2.35-163/lib/librt.so.1
7faecc603000-7faecc604000 r--p 00002000 00:18b7 4611686019027979946      /nix/store/4nlgxhb09sdr51nc9hdm8az5b08vzkgx-glibc-2.35-163/lib/librt.so.1
7faecc604000-7faecc605000 r--p 00002000 00:18b7 4611686019027979946      /nix/store/4nlgxhb09sdr51nc9hdm8az5b08vzkgx-glibc-2.35-163/lib/librt.so.1
7faecc605000-7faecc606000 rw-p 00003000 00:18b7 4611686019027979946      /nix/store/4nlgxhb09sdr51nc9hdm8az5b08vzkgx-glibc-2.35-163/lib/librt.so.1
7faecc606000-7faecd719000 r-xp 00000000 00:18b7 4611686019135360866      /nix/store/gpxl5qgg8kicmcvivwmybwjlpf7wh20l-graalvm17-ce-22.3.0/lib/server/libjvm.so
7faecd719000-7faecd71a000 ---p 01113000 00:18b7 4611686019135360866      /nix/store/gpxl5qgg8kicmcvivwmybwjlpf7wh20l-graalvm17-ce-22.3.0/lib/server/libjvm.so
7faecd71a000-7faecd7cf000 r--p 01113000 00:18b7 4611686019135360866      /nix/store/gpxl5qgg8kicmcvivwmybwjlpf7wh20l-graalvm17-ce-22.3.0/lib/server/libjvm.so
7faecd7cf000-7faecd803000 rw-p 011c8000 00:18b7 4611686019135360866      /nix/store/gpxl5qgg8kicmcvivwmybwjlpf7wh20l-graalvm17-ce-22.3.0/lib/server/libjvm.so
7faecd803000-7faecd85f000 rw-p 00000000 00:00 0 
7faecd85f000-7faecd887000 r--p 00000000 00:18b7 4611686019027979918      /nix/store/4nlgxhb09sdr51nc9hdm8az5b08vzkgx-glibc-2.35-163/lib/libc.so.6
7faecd887000-7faecd9fd000 r-xp 00028000 00:18b7 4611686019027979918      /nix/store/4nlgxhb09sdr51nc9hdm8az5b08vzkgx-glibc-2.35-163/lib/libc.so.6
7faecd9fd000-7faecda55000 r--p 0019e000 00:18b7 4611686019027979918      /nix/store/4nlgxhb09sdr51nc9hdm8az5b08vzkgx-glibc-2.35-163/lib/libc.so.6
7faecda55000-7faecda59000 r--p 001f6000 00:18b7 4611686019027979918      /nix/store/4nlgxhb09sdr51nc9hdm8az5b08vzkgx-glibc-2.35-163/lib/libc.so.6
7faecda59000-7faecda5b000 rw-p 001fa000 00:18b7 4611686019027979918      /nix/store/4nlgxhb09sdr51nc9hdm8az5b08vzkgx-glibc-2.35-163/lib/libc.so.6
7faecda5b000-7faecda6a000 rw-p 00000000 00:00 0 
7faecda6a000-7faecda6b000 r--p 00000000 00:18b7 4611686019027979923      /nix/store/4nlgxhb09sdr51nc9hdm8az5b08vzkgx-glibc-2.35-163/lib/libdl.so.2
7faecda6b000-7faecda6c000 r-xp 00001000 00:18b7 4611686019027979923      /nix/store/4nlgxhb09sdr51nc9hdm8az5b08vzkgx-glibc-2.35-163/lib/libdl.so.2
7faecda6c000-7faecda6d000 r--p 00002000 00:18b7 4611686019027979923      /nix/store/4nlgxhb09sdr51nc9hdm8az5b08vzkgx-glibc-2.35-163/lib/libdl.so.2
7faecda6d000-7faecda6e000 r--p 00002000 00:18b7 4611686019027979923      /nix/store/4nlgxhb09sdr51nc9hdm8az5b08vzkgx-glibc-2.35-163/lib/libdl.so.2
7faecda6e000-7faecda6f000 rw-p 00003000 00:18b7 4611686019027979923      /nix/store/4nlgxhb09sdr51nc9hdm8az5b08vzkgx-glibc-2.35-163/lib/libdl.so.2
7faecda6f000-7faecda70000 r--p 00000000 00:18b7 4611686019027979942      /nix/store/4nlgxhb09sdr51nc9hdm8az5b08vzkgx-glibc-2.35-163/lib/libpthread.so.0
7faecda70000-7faecda71000 r-xp 00001000 00:18b7 4611686019027979942      /nix/store/4nlgxhb09sdr51nc9hdm8az5b08vzkgx-glibc-2.35-163/lib/libpthread.so.0
7faecda71000-7faecda72000 r--p 00002000 00:18b7 4611686019027979942      /nix/store/4nlgxhb09sdr51nc9hdm8az5b08vzkgx-glibc-2.35-163/lib/libpthread.so.0
7faecda72000-7faecda73000 r--p 00002000 00:18b7 4611686019027979942      /nix/store/4nlgxhb09sdr51nc9hdm8az5b08vzkgx-glibc-2.35-163/lib/libpthread.so.0
7faecda73000-7faecda74000 rw-p 00003000 00:18b7 4611686019027979942      /nix/store/4nlgxhb09sdr51nc9hdm8az5b08vzkgx-glibc-2.35-163/lib/libpthread.so.0
7faecda74000-7faecda82000 r-xp 00000000 00:18b7 4611686019135190033      /nix/store/gpxl5qgg8kicmcvivwmybwjlpf7wh20l-graalvm17-ce-22.3.0/lib/libjli.so
7faecda82000-7faecda83000 ---p 0000e000 00:18b7 4611686019135190033      /nix/store/gpxl5qgg8kicmcvivwmybwjlpf7wh20l-graalvm17-ce-22.3.0/lib/libjli.so
7faecda83000-7faecda84000 r--p 0000e000 00:18b7 4611686019135190033      /nix/store/gpxl5qgg8kicmcvivwmybwjlpf7wh20l-graalvm17-ce-22.3.0/lib/libjli.so
7faecda84000-7faecda85000 rw-p 0000f000 00:18b7 4611686019135190033      /nix/store/gpxl5qgg8kicmcvivwmybwjlpf7wh20l-graalvm17-ce-22.3.0/lib/libjli.so
7faecda85000-7faecda86000 rw-p 00012000 00:18b7 4611686019135190033      /nix/store/gpxl5qgg8kicmcvivwmybwjlpf7wh20l-graalvm17-ce-22.3.0/lib/libjli.so
7faecda86000-7faecda89000 r--p 00000000 00:18b7 4611686019106210071      /nix/store/026hln0aq1hyshaxsdvhg0kmcm6yf45r-zlib-1.2.13/lib/libz.so.1.2.13
7faecda89000-7faecda9b000 r-xp 00003000 00:18b7 4611686019106210071      /nix/store/026hln0aq1hyshaxsdvhg0kmcm6yf45r-zlib-1.2.13/lib/libz.so.1.2.13
7faecda9b000-7faecdaa2000 r--p 00015000 00:18b7 4611686019106210071      /nix/store/026hln0aq1hyshaxsdvhg0kmcm6yf45r-zlib-1.2.13/lib/libz.so.1.2.13
7faecdaa2000-7faecdaa3000 r--p 0001b000 00:18b7 4611686019106210071      /nix/store/026hln0aq1hyshaxsdvhg0kmcm6yf45r-zlib-1.2.13/lib/libz.so.1.2.13
7faecdaa3000-7faecdaa4000 rw-p 0001c000 00:18b7 4611686019106210071      /nix/store/026hln0aq1hyshaxsdvhg0kmcm6yf45r-zlib-1.2.13/lib/libz.so.1.2.13
7faecdaa4000-7faecdaa6000 rw-p 00000000 00:00 0 
7faecdaa6000-7faecdaa8000 r--p 00000000 00:18b7 4611686019027979912      /nix/store/4nlgxhb09sdr51nc9hdm8az5b08vzkgx-glibc-2.35-163/lib/ld-linux-x86-64.so.2
7faecdaa8000-7faecdacf000 r-xp 00002000 00:18b7 4611686019027979912      /nix/store/4nlgxhb09sdr51nc9hdm8az5b08vzkgx-glibc-2.35-163/lib/ld-linux-x86-64.so.2
7faecdacf000-7faecdadb000 r--p 00029000 00:18b7 4611686019027979912      /nix/store/4nlgxhb09sdr51nc9hdm8az5b08vzkgx-glibc-2.35-163/lib/ld-linux-x86-64.so.2
7faecdadb000-7faecdadd000 r--p 00034000 00:18b7 4611686019027979912      /nix/store/4nlgxhb09sdr51nc9hdm8az5b08vzkgx-glibc-2.35-163/lib/ld-linux-x86-64.so.2
7faecdadd000-7faecdadf000 rw-p 00036000 00:18b7 4611686019027979912      /nix/store/4nlgxhb09sdr51nc9hdm8az5b08vzkgx-glibc-2.35-163/lib/ld-linux-x86-64.so.2
7ffc698a1000-7ffc698c5000 rw-p 00000000 00:00 0                          [stack]
7ffc69937000-7ffc6993b000 r--p 00000000 00:00 0                          [vvar]
7ffc6993b000-7ffc6993d000 r-xp 00000000 00:00 0                          [vdso]
ffffffffff600000-ffffffffff601000 --xp 00000000 00:00 0                  [vsyscall]


VM Arguments:
jvm_args: -XX:ThreadPriorityPolicy=1 -XX:+UnlockExperimentalVMOptions -XX:+EnableJVMCIProduct -XX:JVMCIThreadsPerNativeLibraryRuntime=1 -XX:-UnlockExperimentalVMOptions -Declipse.application=org.eclipse.jdt.ls.core.id1 -Dosgi.bundles.defaultStartLevel=4 -Declipse.product=org.eclipse.jdt.ls.core.product -Dlog.level=ALL -Xverify:none -XX:+UseParallelGC -XX:GCTimeRatio=4 -XX:AdaptiveSizePolicyWeight=90 -Dsun.zip.disableMemoryMapping=true -Xmx512m -Xms100m 
java_command: /nix/store/m6gcpi1ii6rghy04cjwjddcavv7i90df-jdt-language-server-1.9.0/share/java/plugins/org.eclipse.equinox.launcher_1.6.400.v20210924-0641.jar --add-modules=ALL-SYSTEM --add-opens java.base/java.util=ALL-UNNAMED --add-opens java.base/java.lang=ALL-UNNAMED -configuration /home/runner/.cache/jdt-language-server/config -data /home/runner/.cache/jdt-language-server/data/home/runner/lab2
java_class_path (initial): /nix/store/m6gcpi1ii6rghy04cjwjddcavv7i90df-jdt-language-server-1.9.0/share/java/plugins/org.eclipse.equinox.launcher_1.6.400.v20210924-0641.jar
Launcher Type: SUN_STANDARD

[Global flags]
    uintx AdaptiveSizePolicyWeight                 = 90                                        {product} {command line}
     intx CICompilerCount                          = 2                                         {product} {ergonomic}
     bool EnableJVMCIProduct                       = true                                {JVMCI product} {jimage}
    uintx GCTimeRatio                              = 4                                         {product} {command line}
   size_t InitialHeapSize                          = 104857600                                 {product} {command line}
     uint JVMCIThreadsPerNativeLibraryRuntime      = 1                                   {JVMCI product} {jimage}
   size_t MaxHeapSize                              = 536870912                                 {product} {command line}
   size_t MaxNewSize                               = 178782208                                 {product} {ergonomic}
   size_t MinHeapDeltaBytes                        = 524288                                    {product} {ergonomic}
   size_t MinHeapSize                              = 104857600                                 {product} {command line}
   size_t NewSize                                  = 34603008                                  {product} {ergonomic}
    uintx NonNMethodCodeHeapSize                   = 5826188                                {pd product} {ergonomic}
    uintx NonProfiledCodeHeapSize                  = 122916026                              {pd product} {ergonomic}
   size_t OldSize                                  = 70254592                                  {product} {ergonomic}
    uintx ProfiledCodeHeapSize                     = 122916026                              {pd product} {ergonomic}
    uintx ReservedCodeCacheSize                    = 251658240                              {pd product} {ergonomic}
     bool SegmentedCodeCache                       = true                                      {product} {ergonomic}
   size_t SoftMaxHeapSize                          = 536870912                              {manageable} {ergonomic}
     intx ThreadPriorityPolicy                     = 1                                         {product} {jimage}
     bool UseCompressedClassPointers               = true                           {product lp64_product} {ergonomic}
     bool UseCompressedOops                        = true                           {product lp64_product} {ergonomic}
     bool UseParallelGC                            = true                                      {product} {command line}

Logging:
Log output configuration:
 #0: stdout all=warning uptime,level,tags
 #1: stderr all=off uptime,level,tags

Environment Variables:
JAVA_HOME=/nix/store/gpxl5qgg8kicmcvivwmybwjlpf7wh20l-graalvm17-ce-22.3.0
PATH=/nix/store/1d6ian3r8kdzspw8hacjhl3xkp40g1lj-binutils-wrapper-2.39/bin:/nix/store/dq0xwmsk1g0i2ayg6pb7y87na2knzylh-gcc-wrapper-11.3.0/bin:/nix/store/bap4d0lpcrhpwmpb8ayjcgkmvfj62lnq-bash-interactive-5.1-p16/bin:/nix/store/pr5n59mb4jzmfx6kanwxly0l07p861fg-patchelf-0.15.0/bin:/nix/store/1gf2flfqnpqbr1b4p4qz2f72y42bs56r-gcc-11.3.0/bin:/nix/store/57xv61c5zi8pphjbcwxxjlgc34p61ic9-glibc-2.35-163-bin/bin:/nix/store/a7gvj343m05j2s32xcnwr35v31ynlypr-coreutils-9.1/bin:/nix/store/039g378vc3pc3dvi9dzdlrd0i4q93qwf-binutils-2.39/bin:/nix/store/gpxl5qgg8kicmcvivwmybwjlpf7wh20l-graalvm17-ce-22.3.0/bin:/nix/store/6z9ag3ihc8mq2hzsw48lhbznvzny65nz-apache-maven-3.8.6/bin:/nix/store/m6gcpi1ii6rghy04cjwjddcavv7i90df-jdt-language-server-1.9.0/bin:/nix/store/84xs5alhs01zrbr4ywm05kxbjbp5590l-java-debug/bin:/nix/store/mydc6f4k2z73xlcz7ilif3v2lcaiqvza-findutils-4.9.0/bin:/nix/store/j9p3g8472iijd50vhdprx0nmk2fqn5gv-diffutils-3.8/bin:/nix/store/89zs7rms6x00xfq4dq6m7mjnhkr8a6r4-gnused-4.8/bin:/nix/store/86bp03jkmsl6f92w0yzg4s59g5mhxwmy-gnugrep-3.7/bin:/nix/store/hwcdqw4jrjnd37wxqgsd47hd0j8bnj09-gawk-5.1.1/bin:/nix/store/cfbhw8r8ags41vwqaz47r583d0p4h4a1-gnutar-1.34/bin:/nix/store/p3m1ndl1lapwrlh698bnb5lvvxh67378-gzip-1.12/bin:/nix/store/a8mhcagrsly7c7mpjrpsnaahk4aax056-bzip2-1.0.8-bin/bin:/nix/store/mblgz65m3zv9x548a3d5m96fj2pbwr09-gnumake-4.3/bin:/nix/store/dsd5gz46hdbdk2rfdimqddhq6m8m8fqs-bash-5.1-p16/bin:/nix/store/v7ljksji50mg3w61dykaa3n3y79n6nil-patch-2.7.6/bin:/nix/store/zlcnmqq14jz5x9439jf937mvayyl63da-xz-5.2.7-bin/bin:/nix/store/y6aj732zm9m87c82fpvf103a1xb22blp-file-5.43/bin:/nix/store/sgqd0ajghcv2axfl1lad0b1alyavp0dc-prybar-elisp-0.0.0-67f7a00/bin:/nix/store/p3hsvljpgs68jqwar41lc0jqhjj734lf-prybar-lua-0.0.0-67f7a00/bin:/nix/store/qzxs2gybds3s9kb1vkaflpgm2nwr85fh-prybar-python3-0.0.0-67f7a00/bin:/nix/store/km94z9mxp8w4m8gxxp5mbfpdf3nkfvd8-prybar-sqlite-0.0.0-67f7a00/bin:/nix/store/2pnc7b76asw0z59c4l6h6qy8arwqrii1-prybar-tcl-0.0.0-67f7a00/bin:/nix/store/hpbvrlwd5viqmvcaisb3x0118i913a9n-st
LD_LIBRARY_PATH=/nix/store/a4pff549sk2idnkpzk5nsfps3mdkdnvm-cups-2.4.2-lib/lib:/nix/store/72mqxxhh3cy5yifh92wh2yb8cl2hikyy-cairo-1.16.0/lib:/nix/store/2k366jrbsra97gjfxwvrhvixjfxdach5-glib-2.74.1/lib:/nix/store/2j2znigd8ak37rlwh9khz0ry3clqlw1l-gtk+3-3.24.34/lib:/nix/store/hisqvx32cd57apbpcsnkpx6k3549wql1-libglvnd-1.4.0/lib:/nix/store/p36pgcv991mq5srvg765b78yqpxvk3qs-mesa-21.3.3-drivers/lib:/nix/store/mav4251if1ahjq5vkpwycyyvnmy459c4-pulseaudio-14.2/lib
DISPLAY=:0
LANG=en_US.UTF-8

Signal Handlers:
   SIGSEGV: crash_handler in libjvm.so, mask=11100100010111111101111111111110, flags=SA_RESTART|SA_SIGINFO
    SIGBUS: crash_handler in libjvm.so, mask=11100100010111111101111111111110, flags=SA_RESTART|SA_SIGINFO
    SIGFPE: crash_handler in libjvm.so, mask=11100100010111111101111111111110, flags=SA_RESTART|SA_SIGINFO
   SIGPIPE: IsolateEnterStub_IgnoreSIGPIPEStartupHook_noopSignalHandler_8f19bff2f35b5f630d83b364d6b2339320d4ec70_216e8361c6bc87a8f89f58cc10d3b2fd4415bf87 in libjvmcicompiler.so, mask=00000000000000000000000000000000, flags=SA_RESTART
  *** Handler was modified!
  *** Expected: javaSignalHandler in libjvm.so, mask=11100100110111111111111111111110, flags=SA_RESTART|SA_SIGINFO
   SIGXFSZ: javaSignalHandler in libjvm.so, mask=11100100010111111101111111111110, flags=SA_RESTART|SA_SIGINFO
    SIGILL: crash_handler in libjvm.so, mask=11100100010111111101111111111110, flags=SA_RESTART|SA_SIGINFO
   SIGUSR2: SR_handler in libjvm.so, mask=00000000000000000000000000000000, flags=SA_RESTART|SA_SIGINFO
    SIGHUP: UserHandler in libjvm.so, mask=11100100010111111101111111111110, flags=SA_RESTART|SA_SIGINFO
    SIGINT: UserHandler in libjvm.so, mask=11100100010111111101111111111110, flags=SA_RESTART|SA_SIGINFO
   SIGTERM: UserHandler in libjvm.so, mask=11100100010111111101111111111110, flags=SA_RESTART|SA_SIGINFO
   SIGQUIT: UserHandler in libjvm.so, mask=11100100010111111101111111111110, flags=SA_RESTART|SA_SIGINFO
  *** Handler was modified!
  *** Expected: javaSignalHandler in libjvm.so, mask=11100100110111111111111111111110, flags=SA_RESTART|SA_SIGINFO
   SIGTRAP: crash_handler in libjvm.so, mask=11100100010111111101111111111110, flags=SA_RESTART|SA_SIGINFO


---------------  S Y S T E M  ---------------

OS:
DISTRIB_ID=Ubuntu
DISTRIB_RELEASE=20.04
DISTRIB_CODENAME=focal
DISTRIB_DESCRIPTION="Ubuntu 20.04.2 LTS"
uname: Linux 5.15.0-1030-gcp #37~20.04.1-Ubuntu SMP Mon Feb 20 04:30:57 UTC 2023 x86_64
OS uptime: 0 days 8:25 hours
libc: glibc 2.35 NPTL 2.35 
rlimit (soft/hard): STACK 8192k/infinity , CORE infinity/infinity , NPROC infinity/infinity , NOFILE 5242/5242 , AS infinity/infinity , CPU infinity/infinity , DATA infinity/infinity , FSIZE infinity/infinity , MEMLOCK 64k/64k
load average: 14.46 18.85 19.78

/proc/meminfo:
MemTotal:       65852728 kB
MemFree:        28128132 kB
MemAvailable:   46534888 kB
Buffers:         2442820 kB
Cached:         15068548 kB
SwapCached:            0 kB
Active:          8761368 kB
Inactive:       25272072 kB
Active(anon):      13476 kB
Inactive(anon): 16452064 kB
Active(file):    8747892 kB
Inactive(file):  8820008 kB
Unevictable:       43524 kB
Mlocked:           43524 kB
SwapTotal:             0 kB
SwapFree:              0 kB
Dirty:              2600 kB
Writeback:            44 kB
AnonPages:      15257252 kB
Mapped:          2144024 kB
Shmem:             76828 kB
KReclaimable:    1565456 kB
Slab:            2733012 kB
SReclaimable:    1565456 kB
SUnreclaim:      1167556 kB
KernelStack:      391032 kB
PageTables:       153568 kB
NFS_Unstable:          0 kB
Bounce:                0 kB
WritebackTmp:          0 kB
CommitLimit:    32926364 kB
Committed_AS:   59770916 kB
VmallocTotal:   34359738367 kB
VmallocUsed:      427996 kB
VmallocChunk:          0 kB
Percpu:            59424 kB
HardwareCorrupted:     0 kB
AnonHugePages:   1337344 kB
ShmemHugePages:        0 kB
ShmemPmdMapped:        0 kB
FileHugePages:         0 kB
FilePmdMapped:         0 kB
HugePages_Total:       0
HugePages_Free:        0
HugePages_Rsvd:        0
HugePages_Surp:        0
Hugepagesize:       2048 kB
Hugetlb:               0 kB
DirectMap4k:     4393792 kB
DirectMap2M:    39643136 kB
DirectMap1G:    25165824 kB

/sys/kernel/mm/transparent_hugepage/enabled: always [madvise] never
/sys/kernel/mm/transparent_hugepage/defrag (defrag/compaction efforts parameter): always defer defer+madvise [madvise] never

Process Memory:
Virtual Size: 4855420K (peak: 4946748K)
Resident Set Size: 742064K (peak: 772764K) (anon: 544828K, file: 197236K, shmem: 0K)
Swapped out: 0K
C-Heap outstanding allocations: 43896K, retained: 10887K
glibc malloc tunables: (default)

/proc/sys/kernel/threads-max (system-wide limit on the number of threads): 514406
/proc/sys/vm/max_map_count (maximum number of memory map areas a process may have): 65530
/proc/sys/kernel/pid_max (system-wide limit on number of process identifiers): 4194304

container (cgroup) information:
container_type: cgroupv1
cpu_cpuset_cpus: 2-7
cpu_memory_nodes: 0
active_processor_count: 1
cpu_quota: 50000
cpu_period: 100000
cpu_shares: 512
memory_limit_in_bytes: 1048576 k
memory_and_swap_limit_in_bytes: 1048576 k
memory_soft_limit_in_bytes: 524288 k
memory_usage_in_bytes: 589064 k
memory_max_usage_in_bytes: 639072 k
maximum number of tasks: 1000
current number of tasks: 48

KVM virtualization detected
Steal ticks since vm start: 0
Steal ticks percentage since vm start:  0.000

CPU: total 8 (initial active 1) (8 cores per cpu, 2 threads per core) family 23 model 49 stepping 0 microcode 0xffffffff, cx8, cmov, fxsr, ht, mmx, 3dnowpref, sse, sse2, sse3, ssse3, sse4a, sse4.1, sse4.2, popcnt, lzcnt, tsc, tscinvbit, avx, avx2, aes, clmul, bmi1, bmi2, adx, sha, fma, vzeroupper, clflush, clflushopt, hv
CPU Model and flags from /proc/cpuinfo:
model name	: AMD EPYC 7B12
flags		: fpu vme de pse tsc msr pae mce cx8 apic sep mtrr pge mca cmov pat pse36 clflush mmx fxsr sse sse2 ht syscall nx mmxext fxsr_opt pdpe1gb rdtscp lm constant_tsc rep_good nopl nonstop_tsc cpuid extd_apicid tsc_known_freq pni pclmulqdq ssse3 fma cx16 sse4_1 sse4_2 movbe popcnt aes xsave avx f16c rdrand hypervisor lahf_lm cmp_legacy cr8_legacy abm sse4a misalignsse 3dnowprefetch osvw topoext ssbd ibrs ibpb stibp vmmcall fsgsbase tsc_adjust bmi1 avx2 smep bmi2 rdseed adx smap clflushopt clwb sha_ni xsaveopt xsavec xgetbv1 clzero xsaveerptr arat npt nrip_save umip rdpid

Online cpus: 0-7
Offline cpus: 
BIOS frequency limitation: <Not Available>
Frequency switch latency (ns): <Not Available>
Available cpu frequencies: <Not Available>
Current governor: <Not Available>
Core performance/turbo boost: <Not Available>

Memory: 4k page, physical 1048576k(459504k free), swap 0k(0k free)
Page Sizes: 4k

vm_info: OpenJDK 64-Bit Server VM (17.0.5+8-jvmci-22.3-b08) for linux-amd64 JRE (17.0.5+8-jvmci-22.3-b08), built on Oct 19 2022 09:01:27 by "buildslave" with gcc 10.3.0

END.
